"../../../Engine/Content/EngineMaterials/T_Default_Material_Grid_N.uasset" 0
"../../../Engine/Content/EngineMaterials/T_Default_Material_Grid_M.uasset" 1
"../../../Engine/Content/Functions/Engine_MaterialFunctions01/Opacity/CameraDepthFade.uasset" 2
"../../../Engine/Content/EngineMaterials/WorldGridMaterial.uasset" 3
"../../../Engine/Content/ArtTools/RenderToTexture/Meshes/S_1_Unit_Plane.uasset" 4
"../../../Engine/Content/EngineMaterials/DefaultMaterial.uasset" 5
"../../../Engine/Content/BasicShapes/Cone.uasset" 6
"../../../Engine/Content/BasicShapes/Sphere.uasset" 7
"../../../Engine/Content/EditorLandscapeResources/DataLayer.uasset" 8
"../../../Engine/Content/EditorLandscapeResources/DefaultAlphaTexture.uasset" 9
"../../../Engine/Content/EditorMaterials/MAT_Groups_Toggle.uasset" 10
"../../../Engine/Content/EditorMaterials/MAT_Groups_Visibility.uasset" 11
"../../../Engine/Content/EditorMaterials/PreviewShadowIndicator.uasset" 12
"../../../Engine/Content/EditorMaterials/PreviewShadowIndicatorMaterial.uasset" 13
"../../../Engine/Content/EditorMaterials/MatineeGroups/MAT_ColorTrack.uasset" 14
"../../../Engine/Content/EditorMaterials/MatineeGroups/MAT_Groups_Anim.uasset" 15
"../../../Engine/Content/EditorMaterials/MatineeGroups/MAT_Groups_AudioMaster.uasset" 16
"../../../Engine/Content/EditorMaterials/MatineeGroups/MAT_Groups_Director.uasset" 17
"../../../Engine/Content/EditorMaterials/MatineeGroups/MAT_Groups_Event.uasset" 18
"../../../Engine/Content/EditorMaterials/MatineeGroups/MAT_Groups_Fade.uasset" 19
"../../../Engine/Content/EditorMaterials/MatineeGroups/MAT_Groups_Float.uasset" 20
"../../../Engine/Content/EditorMaterials/MatineeGroups/MAT_Groups_Move.uasset" 21
"../../../Engine/Content/EditorMaterials/MatineeGroups/MAT_Groups_Slomo.uasset" 22
"../../../Engine/Content/EditorMaterials/MatineeGroups/MAT_Groups_Sound.uasset" 23
"../../../Engine/Content/EditorMaterials/MatineeGroups/MAT_Groups_Vector.uasset" 24
"../../../Engine/Content/EditorMaterials/ParticleSystems/PSysThumbnail_NoImage.uasset" 25
"../../../Engine/Content/EditorMaterials/ParticleSystems/PSysThumbnail_OOD.uasset" 26
"../../../Engine/Content/EditorMaterials/Camera/CineMat.uasset" 27
"../../../Engine/Content/EditorMaterials/Camera/MI_CineMat_Rig.uasset" 28
"../../../Engine/Content/EditorMeshes/Camera/SM_CraneRig_Arm.uasset" 29
"../../../Engine/Content/EditorMeshes/Camera/SM_CraneRig_Base.uasset" 30
"../../../Engine/Content/EditorMeshes/Camera/SM_CraneRig_Body.uasset" 31
"../../../Engine/Content/EditorMeshes/Camera/SM_CraneRig_Mount.uasset" 32
"../../../Engine/Content/EditorMeshes/Camera/SM_RailRig_Mount.uasset" 33
"../../../Engine/Content/EditorMeshes/Camera/SM_RailRig_Track.uasset" 34
"../../../Engine/Content/EditorResources/BSPVertex.uasset" 35
"../../../Engine/Content/EditorResources/EmptyActor.uasset" 36
"../../../Engine/Content/EditorResources/S_Actor.uasset" 37
"../../../Engine/Content/EditorResources/S_Note.uasset" 38
"../../../Engine/Content/EditorResources/S_Solver.uasset" 39
"../../../Engine/Content/EditorResources/S_Terrain.uasset" 40
"../../../Engine/Content/EditorResources/S_Trigger.uasset" 41
"../../../Engine/Content/EditorResources/LightIcons/S_LightError.uasset" 42
"../../../Engine/Content/EditorResources/SequenceRecorder/Countdown.uasset" 43
"../../../Engine/Content/EditorResources/SequenceRecorder/RecordingIndicator.uasset" 44
"../../../Engine/Content/EngineDamageTypes/DmgTypeBP_Environmental.uasset" 45
"../../../Engine/Content/EngineDebugMaterials/DebugEditorMaterial.uasset" 46
"../../../Engine/Content/EngineDebugMaterials/DebugMeshMaterial.uasset" 47
"../../../Engine/Content/EngineDebugMaterials/M_SimpleUnlitTranslucent.uasset" 48
"../../../Engine/Content/EngineDebugMaterials/VolumeToRender.uasset" 49
"../../../Engine/Content/Functions/Engine_MaterialFunctions02/Utility/CameraDirectionVector.uasset" 50
"../../../Engine/Content/EngineDebugMaterials/M_VolumeRenderSphereTracePP.uasset" 51
"../../../Engine/Content/Functions/Engine_MaterialFunctions01/Shading/ConvertFromDiffSpec.uasset" 52
"../../../Engine/Content/EngineDebugMaterials/VertexColorMaterial.uasset" 53
"../../../Engine/Content/EngineDebugMaterials/WireframeMaterial.uasset" 54
"../../../Engine/Content/EngineFonts/Faces/RobotoRegular.uasset" 55
"../../../Engine/Content/EngineFonts/Faces/RobotoLight.uasset" 56
"../../../Engine/Content/EngineFonts/Faces/RobotoItalic.uasset" 57
"../../../Engine/Content/EngineFonts/Faces/RobotoBoldItalic.uasset" 58
"../../../Engine/Content/EngineFonts/Faces/RobotoBold.uasset" 59
"../../../Engine/Content/EngineFonts/Faces/DroidSansFallback.uasset" 60
"../../../Engine/Content/EngineFonts/Roboto.uasset" 61
"../../../Engine/Content/EngineMaterials/BaseFlattenNormalMap.uasset" 62
"../../../Engine/Content/EngineMaterials/BaseFlattenGrayscaleMap.uasset" 63
"../../../Engine/Content/EngineMaterials/BaseFlattenEmissiveMap.uasset" 64
"../../../Engine/Content/EngineMaterials/BaseFlattenDiffuseMap.uasset" 65
"../../../Engine/Content/EngineMaterials/BaseFlattenMaterial.uasset" 66
"../../../Engine/Content/EngineMaterials/BlueNoise.uasset" 67
"../../../Engine/Content/EngineMaterials/DefaultBloomKernel.uasset" 68
"../../../Engine/Content/EngineMaterials/DefaultBokeh.uasset" 69
"../../../Engine/Content/EngineMaterials/DefaultDiffuse.uasset" 70
"../../../Engine/Content/EngineMaterials/DefaultDeferredDecalMaterial.uasset" 71
"../../../Engine/Content/EngineMaterials/DefaultLightFunctionMaterial.uasset" 72
"../../../Engine/Content/Functions/Engine_MaterialFunctions02/Utility/BreakOutFloat2Components.uasset" 73
"../../../Engine/Content/EngineMaterials/DefaultPostProcessMaterial.uasset" 74
"../../../Engine/Content/EngineFonts/RobotoDistanceField.uasset" 75
"../../../Engine/Content/EngineMaterials/DefaultTextMaterialOpaque.uasset" 76
"../../../Engine/Content/EngineMaterials/DefaultWhiteGrid.uasset" 77
"../../../Engine/Content/EngineMaterials/DefaultWhiteGrid_Low.uasset" 78
"../../../Engine/Content/EngineMaterials/EmissiveMeshMaterial.uasset" 79
"../../../Engine/Content/EngineMaterials/GizmoMaterial.uasset" 80
"../../../Engine/Content/EngineMaterials/Good64x64TilingNoiseHighFreq.uasset" 81
"../../../Engine/Content/EngineMaterials/MiniFont.uasset" 82
"../../../Engine/Content/EngineMaterials/InvalidLightmapSettings.uasset" 83
"../../../Engine/Content/EngineMaterials/M_InvalidLightmapSettings.uasset" 84
"../../../Engine/Content/Functions/Engine_MaterialFunctions02/WorldPositionOffset/CameraOffset.uasset" 85
"../../../Engine/Content/EngineMaterials/PhAT_JointLimitMaterial.uasset" 86
"../../../Engine/Content/EngineMaterials/PreintegratedSkinBRDF.uasset" 87
"../../../Engine/Content/EngineMaterials/RemoveSurfaceMaterial.uasset" 88
"../../../Engine/Content/EngineResources/WhiteSquareTexture.uasset" 89
"../../../Engine/Content/EngineMaterials/Widget3DPassThrough.uasset" 90
"../../../Engine/Content/EngineMaterials/Widget3DPassThrough_Masked.uasset" 91
"../../../Engine/Content/EngineMaterials/Widget3DPassThrough_Opaque.uasset" 92
"../../../Engine/Content/EngineMaterials/Widget3DPassThrough_Masked_OneSided.uasset" 93
"../../../Engine/Content/EngineMaterials/Widget3DPassThrough_Opaque_OneSided.uasset" 94
"../../../Engine/Content/EngineMaterials/Widget3DPassThrough_Translucent.uasset" 95
"../../../Engine/Content/EngineMaterials/Widget3DPassThrough_Translucent_OneSided.uasset" 96
"../../../Engine/Content/EngineMeshes/Cylinder.uasset" 97
"../../../Engine/Content/EngineMeshes/Sphere.uasset" 98
"../../../Engine/Content/EngineResources/Black.uasset" 99
"../../../Engine/Content/EngineResources/DefaultTextureCube.uasset" 100
"../../../Engine/Content/EngineResources/DefaultVolumeTexture2D.uasset" 101
"../../../Engine/Content/EngineResources/DefaultVolumeTexture.uasset" 102
"../../../Engine/Content/EngineResources/GradientTexture0.uasset" 103
"../../../Engine/Content/EngineSky/VolumetricClouds/T_NoiseShape64.uasset" 104
"../../../Engine/Content/EngineSky/VolumetricClouds/T_VolumeNoiseShape64.uasset" 105
"../../../Engine/Content/EngineSky/VolumetricClouds/T_NoiseErosion.uasset" 106
"../../../Engine/Content/EngineSky/VolumetricClouds/T_VolumeNoiseErosion32.uasset" 107
"../../../Engine/Content/EngineSky/VolumetricClouds/CloudWeatherTexture.uasset" 108
"../../../Engine/Content/EngineSky/VolumetricClouds/CloudGradientTexture.uasset" 109
"../../../Engine/Content/Functions/Engine_MaterialFunctions02/Utility/MakeFloat2.uasset" 110
"../../../Engine/Content/EngineSky/VolumetricClouds/m_SimpleVolumetricCloud.uasset" 111
"../../../Engine/Content/EngineSky/VolumetricClouds/m_SimpleVolumetricCloud_Inst.uasset" 112
"../../../Engine/Content/EngineSounds/Master.uasset" 113
"../../../Engine/Content/Functions/Engine_MaterialFunctions01/Shading/PowerToRoughness.uasset" 114
"../../../Engine/Content/Maps/Templates/Thumbnails/Default.uasset" 115
"../../../Engine/Content/Maps/Templates/Thumbnails/TimeOfDay.uasset" 116
"../../../Engine/Content/Maps/Templates/Thumbnails/VR-Basic.uasset" 117
"../../../Engine/Content/MobileResources/T_MobileControls_texture.uasset" 118
"../../../Engine/Content/MobileResources/T_MobileMenu2.uasset" 119
"../../../Engine/Content/MobileResources/HUD/AnalogHat.uasset" 120
"../../../Engine/Content/MobileResources/HUD/VirtualJoystick_Thumb.uasset" 121
"../../../Engine/Content/MobileResources/HUD/VirtualJoystick_Background.uasset" 122
"../../../Engine/Content/MobileResources/HUD/DefaultVirtualJoysticks.uasset" 123
"../../../Engine/Content/MobileResources/HUD/LeftVirtualJoystickOnly.uasset" 124
"../../../Engine/Content/MobileResources/HUD/MobileHUDButton1_off.uasset" 125
"../../../Engine/Content/MobileResources/HUD/MobileHUDButton1_on.uasset" 126
"../../../Engine/Content/MobileResources/HUD/MobileHUDButton2_off.uasset" 127
"../../../Engine/Content/MobileResources/HUD/MobileHUDButton2_on.uasset" 128
"../../../Engine/Content/MobileResources/HUD/MobileHUDButton3.uasset" 129
"../../../Engine/Content/MobileResources/HUD/MobileHUDButtonFire.uasset" 130
"../../../Engine/Content/MobileResources/HUD/MobileHUDDirectionPad.uasset" 131
"../../../Engine/Content/MobileResources/HUD/MobileHUDDirectionPad2.uasset" 132
"../../../Engine/Content/MobileResources/HUD/MobileHUDDirectionPad3.uasset" 133
"../../../Engine/Content/MobileResources/HUD/MobileHUDDirectionStick.uasset" 134
"../../../Engine/Content/MobileResources/HUD/T_Castle_ThumbstickInner.uasset" 135
"../../../Engine/Content/MobileResources/HUD/T_Castle_ThumbstickOutter.uasset" 136
"../../../Engine/Content/Tutorial/ContentIntroCurve.uasset" 137
"../../../Engine/Content/Tutorial/Basics/LevelEditorAttract.uasset" 138
"../../../Engine/Content/Tutorial/Basics/TutorialAssets/icon_tab_Levels_40x.uasset" 139
"../../../Engine/Content/Tutorial/Basics/LevelEditorOverview.uasset" 140
"../../../Engine/Content/VREditor/TransformGizmo/TranslucentTransformGizmoMaterial.uasset" 141
"../../../Engine/Content/VREditor/LaserPointer/VR_LaserPower_01.uasset" 142
"../../../Engine/Content/VREditor/TransformGizmo/TransformGizmoMaterial.uasset" 143
"../../../Engine/Content/VREditor/TransformGizmo/BoundingBoxCorner.uasset" 144
"../../../Engine/Content/VREditor/TransformGizmo/BoundingBoxEdge.uasset" 145
"../../../Engine/Content/VREditor/TransformGizmo/PlaneTranslationHandle.uasset" 146
"../../../Engine/Content/VREditor/TransformGizmo/Xray.uasset" 147
"../../../Engine/Content/VREditor/TransformGizmo/Main.uasset" 148
"../../../Engine/Content/VREditor/TransformGizmo/SM_Sequencer_Key.uasset" 149
"../../../Engine/Content/VREditor/TransformGizmo/SM_Sequencer_Node.uasset" 150
"../../Plugins/2D/Paper2D/Content/PlaceholderTextures/DummySpriteTexture.uasset" 151
"../../Plugins/2D/Paper2D/Content/DummySprite.uasset" 152
"../../Plugins/2D/Paper2D/Content/DefaultPaperTerrainMaterial.uasset" 153
"../../Plugins/2D/Paper2D/Content/DefaultSpriteMaterial.uasset" 154
"../../Plugins/2D/Paper2D/Content/MaskedUnlitSpriteMaterial.uasset" 155
"../../Plugins/2D/Paper2D/Content/OpaqueUnlitSpriteMaterial.uasset" 156
"../../../Engine/Content/Functions/Engine_MaterialFunctions02/Utility/BreakOutFloat3Components.uasset" 157
"../../Plugins/Editor/SpeedTreeImporter/Content/SpeedTree9/UnpackInteger3.uasset" 158
"../../Plugins/Editor/SpeedTreeImporter/Content/SpeedTree9/UnpackDirection.uasset" 159
"../../Plugins/Editor/SpeedTreeImporter/Content/SpeedTree9/game_wind_noise.uasset" 160
"../../../Engine/Content/Functions/Engine_MaterialFunctions02/SafeNormalize.uasset" 161
"../../Plugins/Editor/SpeedTreeImporter/Content/SpeedTree9/SpeedTreeWindMotion.uasset" 162
"../../Plugins/Editor/SpeedTreeImporter/Content/SpeedTree9/SpeedTreeBranchMotion.uasset" 163
"../../../Engine/Content/Functions/Engine_MaterialFunctions02/ObjectLocalBounds.uasset" 164
"../../../Engine/Content/Functions/Engine_MaterialFunctions02/UVs/BoundingBoxBased_0-1_UVW.uasset" 165
"../../Plugins/Editor/SpeedTreeImporter/Content/SpeedTree9/SpeedTreeWind.uasset" 166
"../../Plugins/Editor/SpeedTreeImporter/Content/SpeedTree9/SpeedTreeBillboard.uasset" 167
"../../../Engine/Content/EngineResources/DefaultTexture.uasset" 168
"../../Plugins/Editor/SpeedTreeImporter/Content/SpeedTree9/SpeedTreeBillboardMaster.uasset" 169
"../../Plugins/Editor/SpeedTreeImporter/Content/SpeedTree9/SpeedTreeCameraFacing.uasset" 170
"../../Plugins/Editor/SpeedTreeImporter/Content/SpeedTree9/SpeedTreeMaster.uasset" 171
"../../../Engine/Content/ArtTools/RenderToTexture/Materials/Debug/M_Emissive_Color.uasset" 172
"../../../Engine/Content/BasicShapes/Cylinder.uasset" 173
"../../Plugins/Lumin/MagicLeapPassableWorld/Content/MagicLeapARPinInfoActor.uasset" 174
"../../../Engine/Content/Functions/Engine_MaterialFunctions02/Utility/BreakOutFloat4Components.uasset" 175
"../../../Engine/Content/Functions/Engine_MaterialFunctions02/Utility/MakeFloat3.uasset" 176
"../../Plugins/Runtime/Oculus/OculusVR/Content/Materials/OculusMR_ChromaKey.uasset" 177
"../../Plugins/Runtime/Oculus/OculusVR/Content/Materials/OculusMR_OpaqueColoredMaterial.uasset" 178
"../../Plugins/Runtime/Oculus/OculusVR/Content/Materials/PokeAHoleMaterial.uasset" 179
"../../../Engine/Content/EngineSky/T_Sky_Stars.uasset" 180
"../../../Engine/Content/EngineSky/T_Sky_Clouds_M.uasset" 181
"../../../Engine/Content/EngineSky/T_Sky_Blue.uasset" 182
"../../../Engine/Content/Functions/Engine_MaterialFunctions02/Utility/MakeFloat4.uasset" 183
"C:/Users/Zmey/Documents/Unreal Projects/Game/Content/Assets/Raznoe/PP_ObjectOutline_Master.uasset" 184
"../../../Engine/Content/EngineSky/M_Sky_Panning_Clouds2.uasset" 185
"C:/Users/Zmey/Documents/Unreal Projects/Game/Content/Maps/PatrolLevel_BuiltData.uasset" 186
"C:/Users/Zmey/Documents/Unreal Projects/Game/Content/Data/Enum_PlayerAnimState.uasset" 187
"../../../Engine/Content/EditorBlueprintResources/StandardMacros.uasset" 188
"C:/Users/Zmey/Documents/Unreal Projects/Game/Content/Anim/Mannequin/Character/Mesh/UE4_Mannequin_Skeleton.uasset" 189
"../../../Engine/Content/Animation/DefaultAnimCurveCompressionSettings.uasset" 190
"../../../Engine/Content/Animation/DefaultAnimBoneCompressionSettings.uasset" 191
"C:/Users/Zmey/Documents/Unreal Projects/Game/Content/Anim/Character/Crouch_Idle_Rifle_Hip.uasset" 192
"C:/Users/Zmey/Documents/Unreal Projects/Game/Content/Anim/Character/Crouch_Idle_Rifle_Ironsights.uasset" 193
"C:/Users/Zmey/Documents/Unreal Projects/Game/Content/Anim/Character/Idle_Rifle_Hip.uasset" 194
"C:/Users/Zmey/Documents/Unreal Projects/Game/Content/Anim/Character/Idle_Rifle_Ironsights.uasset" 195
"C:/Users/Zmey/Documents/Unreal Projects/Game/Content/Anim/Character/Crouch_Walk_Bwd_Rifle_Hip.uasset" 196
"C:/Users/Zmey/Documents/Unreal Projects/Game/Content/Anim/Character/Crouch_Walk_Fwd_Rifle_Hip.uasset" 197
"C:/Users/Zmey/Documents/Unreal Projects/Game/Content/Anim/Character/Crouch_Walk_Lt_Rifle_Hip.uasset" 198
"C:/Users/Zmey/Documents/Unreal Projects/Game/Content/Anim/Character/Crouch_Walk_Rt_Rifle_Hip.uasset" 199
"C:/Users/Zmey/Documents/Unreal Projects/Game/Content/Anim/Character/BS_CrouchWalk.uasset" 200
"C:/Users/Zmey/Documents/Unreal Projects/Game/Content/Anim/Character/Crouch_Walk_Bwd_Rifle_Ironsights.uasset" 201
"C:/Users/Zmey/Documents/Unreal Projects/Game/Content/Anim/Character/Crouch_Walk_Fwd_Rifle_Ironsights.uasset" 202
"C:/Users/Zmey/Documents/Unreal Projects/Game/Content/Anim/Character/Crouch_Walk_Rt_Rifle_Ironsights.uasset" 203
"C:/Users/Zmey/Documents/Unreal Projects/Game/Content/Anim/Character/Crouch_Walk_Lt_Rifle_Ironsights.uasset" 204
"C:/Users/Zmey/Documents/Unreal Projects/Game/Content/Anim/Character/BS_CrouchWalk_Ironsights.uasset" 205
"C:/Users/Zmey/Documents/Unreal Projects/Game/Content/Anim/Character/Jog_Rt_Rifle.uasset" 206
"C:/Users/Zmey/Documents/Unreal Projects/Game/Content/Anim/Character/Jog_Bwd_Rifle.uasset" 207
"C:/Users/Zmey/Documents/Unreal Projects/Game/Content/Anim/Character/Jog_Fwd_Rifle.uasset" 208
"C:/Users/Zmey/Documents/Unreal Projects/Game/Content/Anim/Character/Jog_Lt_Rifle.uasset" 209
"C:/Users/Zmey/Documents/Unreal Projects/Game/Content/Anim/Character/BS_Jog.uasset" 210
"C:/Users/Zmey/Documents/Unreal Projects/Game/Content/Anim/Character/Walk_Bwd_Rifle_Ironsights.uasset" 211
"C:/Users/Zmey/Documents/Unreal Projects/Game/Content/Anim/Character/Walk_Fwd_Rifle_Ironsights.uasset" 212
"C:/Users/Zmey/Documents/Unreal Projects/Game/Content/Anim/Character/Walk_Lt_Rifle_Ironsights.uasset" 213
"C:/Users/Zmey/Documents/Unreal Projects/Game/Content/Anim/Character/Walk_Rt_Rifle_Ironsights.uasset" 214
"C:/Users/Zmey/Documents/Unreal Projects/Game/Content/Anim/Character/BS_Walk_Ironsights.uasset" 215
"C:/Users/Zmey/Documents/Unreal Projects/Game/Content/Anim/Character/Aim_Space_Hip.uasset" 216
"C:/Users/Zmey/Documents/Unreal Projects/Game/Content/Anim/Character/AimOffset/Aim_CC.uasset" 217
"C:/Users/Zmey/Documents/Unreal Projects/Game/Content/Anim/Character/AimOffset/Aim_D.uasset" 218
"C:/Users/Zmey/Documents/Unreal Projects/Game/Content/Anim/Character/AimOffset/Aim_L.uasset" 219
"C:/Users/Zmey/Documents/Unreal Projects/Game/Content/Anim/Character/AimOffset/Aim_LD.uasset" 220
"C:/Users/Zmey/Documents/Unreal Projects/Game/Content/Anim/Character/AimOffset/Aim_LU.uasset" 221
"C:/Users/Zmey/Documents/Unreal Projects/Game/Content/Anim/Character/AimOffset/Aim_R.uasset" 222
"C:/Users/Zmey/Documents/Unreal Projects/Game/Content/Anim/Character/AimOffset/Aim_RD.uasset" 223
"C:/Users/Zmey/Documents/Unreal Projects/Game/Content/Anim/Character/AimOffset/Aim_RU.uasset" 224
"C:/Users/Zmey/Documents/Unreal Projects/Game/Content/Anim/Character/AimOffset/Aim_U.uasset" 225
"C:/Users/Zmey/Documents/Unreal Projects/Game/Content/Anim/Character/AimOffset/AnimOffset.uasset" 226
"C:/Users/Zmey/Documents/Unreal Projects/Game/Content/Anim/Character/Death_3.uasset" 227
"C:/Users/Zmey/Documents/Unreal Projects/Game/Content/Anim/Character/Idle_Pistol.uasset" 228
"C:/Users/Zmey/Documents/Unreal Projects/Game/Content/Anim/Character/ThirdPersonJump_End.uasset" 229
"C:/Users/Zmey/Documents/Unreal Projects/Game/Content/Anim/Character/ThirdPersonJump_Loop.uasset" 230
"C:/Users/Zmey/Documents/Unreal Projects/Game/Content/Anim/Character/ThirdPersonJump_Start.uasset" 231
"C:/Users/Zmey/Documents/Unreal Projects/Game/Content/Anim/Character/Sprint_Fwd_Rifle.uasset" 232
"C:/Users/Zmey/Documents/Unreal Projects/Game/Content/Anim/Character/BS_Sprint.uasset" 233
"C:/Users/Zmey/Documents/Unreal Projects/Game/Content/Anim/Character/ABP_PlayerCharacter.uasset" 234
"C:/Users/Zmey/Documents/Unreal Projects/Game/Content/Anim/Mannequin/Character/Materials/MaterialLayers/T_ML_Aluminum01.uasset" 235
"C:/Users/Zmey/Documents/Unreal Projects/Game/Content/Anim/Mannequin/Character/Materials/MaterialLayers/T_ML_Aluminum01_N.uasset" 236
"C:/Users/Zmey/Documents/Unreal Projects/Game/Content/Anim/Mannequin/Character/Materials/MaterialLayers/T_ML_Rubber_Blue_01_D.uasset" 237
"C:/Users/Zmey/Documents/Unreal Projects/Game/Content/Anim/Mannequin/Character/Materials/MaterialLayers/T_ML_Rubber_Blue_01_N.uasset" 238
"C:/Users/Zmey/Documents/Unreal Projects/Game/Content/Anim/Mannequin/Character/Textures/T_Male_Mask.uasset" 239
"C:/Users/Zmey/Documents/Unreal Projects/Game/Content/Anim/Mannequin/Character/Textures/T_Male_N.uasset" 240
"C:/Users/Zmey/Documents/Unreal Projects/Game/Content/Anim/Mannequin/Character/Textures/T_UE4Logo_Mask.uasset" 241
"../../../Engine/Content/Functions/Engine_MaterialFunctions02/Utility/BlendAngleCorrectedNormals.uasset" 242
"../../../Engine/Content/Functions/MaterialLayerFunctions/MatLayerBlend_NormalBlend.uasset" 243
"../../../Engine/Content/Functions/MaterialLayerFunctions/MatLayerBlend_Simple.uasset" 244
"C:/Users/Zmey/Documents/Unreal Projects/Game/Content/Anim/Mannequin/Character/Materials/MaterialLayers/ML_GlossyBlack_Latex_UE4.uasset" 245
"C:/Users/Zmey/Documents/Unreal Projects/Game/Content/Anim/Mannequin/Character/Materials/MaterialLayers/ML_Plastic_Shiny_Beige_LOGO.uasset" 246
"C:/Users/Zmey/Documents/Unreal Projects/Game/Content/Anim/Mannequin/Character/Materials/MaterialLayers/ML_SoftMetal_UE4.uasset" 247
"C:/Users/Zmey/Documents/Unreal Projects/Game/Content/Anim/Mannequin/Character/Materials/MaterialLayers/ML_Plastic_Shiny_Beige.uasset" 248
"C:/Users/Zmey/Documents/Unreal Projects/Game/Content/Anim/Mannequin/Character/Materials/M_Male_Body.uasset" 249
"C:/Users/Zmey/Documents/Unreal Projects/Game/Content/Anim/Mannequin/Character/Textures/T_UE4Logo_N.uasset" 250
"C:/Users/Zmey/Documents/Unreal Projects/Game/Content/Anim/Mannequin/Character/Materials/M_UE4Man_ChestLogo.uasset" 251
"C:/Users/Zmey/Documents/Unreal Projects/Game/Content/Anim/Mannequin/Character/Mesh/SK_Mannequin_PhysicsAsset.uasset" 252
"C:/Users/Zmey/Documents/Unreal Projects/Game/Content/Anim/Mannequin/Character/Mesh/SK_Mannequin.uasset" 253
"C:/Users/Zmey/Documents/Unreal Projects/Game/Content/UMG/WD_PickupName.uasset" 254
"C:/Users/Zmey/Documents/Unreal Projects/Game/Content/Blueprints/Interact/Enum_Interact.uasset" 255
"C:/Users/Zmey/Documents/Unreal Projects/Game/Content/Blueprints/Interact/Struct_Interact.uasset" 256
"C:/Users/Zmey/Documents/Unreal Projects/Game/Content/Blueprints/Interact/BP_Pickup_Master.uasset" 257
"C:/Users/Zmey/Documents/Unreal Projects/Game/Content/Anim/Character/Equip_Rifle_Standing.uasset" 258
"C:/Users/Zmey/Documents/Unreal Projects/Game/Content/Anim/Character/Montage/Equip_Rifle_Standing_Montage.uasset" 259
"C:/Users/Zmey/Documents/Unreal Projects/Game/Content/Assets/Raznoe/scope.uasset" 260
"C:/Users/Zmey/Documents/Unreal Projects/Game/Content/UMG/WD_Scope.uasset" 261
"../../../Engine/Content/Functions/Engine_MaterialFunctions02/Utility/VectorToRadialValue.uasset" 262
"../../../Engine/Content/Functions/Engine_MaterialFunctions02/Texturing/CustomRotator.uasset" 263
"C:/Users/Zmey/Documents/Unreal Projects/Game/Content/Assets/Raznoe/circularbar_01.uasset" 264
"C:/Users/Zmey/Documents/Unreal Projects/Game/Content/Assets/Raznoe/M_Circular_Bar.uasset" 265
"C:/Users/Zmey/Documents/Unreal Projects/Game/Content/UMG/WD_InteractBar.uasset" 266
"C:/Users/Zmey/Documents/Unreal Projects/Game/Content/Blueprints/BPL_Player.uasset" 267
"C:/Users/Zmey/Documents/Unreal Projects/Game/Content/UMG/WD_HealthBar.uasset" 268
"C:/Users/Zmey/Documents/Unreal Projects/Game/Content/Data/Enum_FireMode.uasset" 269
"C:/Users/Zmey/Documents/Unreal Projects/Game/Content/Data/Enum_ProjectileType.uasset" 270
"C:/Users/Zmey/Documents/Unreal Projects/Game/Content/Data/Enum_TypeDamage.uasset" 271
"C:/Users/Zmey/Documents/Unreal Projects/Game/Content/Blueprints/Weapon/BPI_TakeDamage.uasset" 272
"C:/Users/Zmey/Documents/Unreal Projects/Game/Content/Assets/SciFiWeapLight/Sound/RocketLauncher/Wavs/RL_Explosion05.uasset" 273
"C:/Users/Zmey/Documents/Unreal Projects/Game/Content/Assets/SciFiWeapLight/Sound/RocketLauncher/Wavs/RL_Explosion04.uasset" 274
"C:/Users/Zmey/Documents/Unreal Projects/Game/Content/Assets/SciFiWeapLight/Sound/RocketLauncher/Wavs/RL_Explosion03.uasset" 275
"C:/Users/Zmey/Documents/Unreal Projects/Game/Content/Assets/SciFiWeapLight/Sound/RocketLauncher/Wavs/RL_Explosion02.uasset" 276
"C:/Users/Zmey/Documents/Unreal Projects/Game/Content/Assets/SciFiWeapLight/Sound/RocketLauncher/Wavs/RL_Explosion01.uasset" 277
"C:/Users/Zmey/Documents/Unreal Projects/Game/Content/Assets/SciFiWeapLight/Sound/Attenuation/Explosion_att.uasset" 278
"C:/Users/Zmey/Documents/Unreal Projects/Game/Content/Assets/SciFiWeapLight/Sound/RocketLauncher/RL_Explosion_Cue.uasset" 279
"C:/Users/Zmey/Documents/Unreal Projects/Game/Content/Assets/SciFiWeapLight/Sound/Rifle/Wavs/Rifle_Whip05.uasset" 280
"C:/Users/Zmey/Documents/Unreal Projects/Game/Content/Assets/SciFiWeapLight/Sound/Rifle/Wavs/Rifle_Whip04.uasset" 281
"C:/Users/Zmey/Documents/Unreal Projects/Game/Content/Assets/SciFiWeapLight/Sound/Rifle/Wavs/Rifle_Whip03.uasset" 282
"C:/Users/Zmey/Documents/Unreal Projects/Game/Content/Assets/SciFiWeapLight/Sound/Rifle/Wavs/Rifle_Whip02.uasset" 283
"C:/Users/Zmey/Documents/Unreal Projects/Game/Content/Assets/SciFiWeapLight/Sound/Rifle/Wavs/Rifle_Whip01.uasset" 284
"C:/Users/Zmey/Documents/Unreal Projects/Game/Content/Assets/SciFiWeapLight/Sound/Attenuation/ProjectileImpact_att.uasset" 285
"C:/Users/Zmey/Documents/Unreal Projects/Game/Content/Assets/SciFiWeapLight/Sound/Rifle/Rifle_Whip_Cue.uasset" 286
"C:/Users/Zmey/Documents/Unreal Projects/Game/Content/Assets/SciFiWeapLight/FX/Vector_Fields/FGA_Turbulent_01.uasset" 287
"C:/Users/Zmey/Documents/Unreal Projects/Game/Content/Assets/SciFiWeapLight/FX/Textures/T_Sparks_02.uasset" 288
"C:/Users/Zmey/Documents/Unreal Projects/Game/Content/Assets/SciFiWeapLight/FX/Textures/T_Pistol_Streaks_01.uasset" 289
"C:/Users/Zmey/Documents/Unreal Projects/Game/Content/Assets/SciFiWeapLight/FX/Materials/M_Pistol_Streaks_01.uasset" 290
"C:/Users/Zmey/Documents/Unreal Projects/Game/Content/Assets/SciFiWeapLight/FX/Materials/M_Sparks_02.uasset" 291
"C:/Users/Zmey/Documents/Unreal Projects/Game/Content/Assets/SciFiWeapLight/FX/Textures/T_SparkImpacts_2x2_01.uasset" 292
"C:/Users/Zmey/Documents/Unreal Projects/Game/Content/Assets/SciFiWeapLight/FX/Materials/M_SparksImpact_2x2_01.uasset" 293
"C:/Users/Zmey/Documents/Unreal Projects/Game/Content/Assets/SciFiWeapLight/FX/Textures/T_Smoke_8x8_B_01.uasset" 294
"C:/Users/Zmey/Documents/Unreal Projects/Game/Content/Assets/SciFiWeapLight/FX/Textures/T_Spherical_NormalMap_01.uasset" 295
"C:/Users/Zmey/Documents/Unreal Projects/Game/Content/Assets/SciFiWeapLight/FX/Materials/M_Smoke_8x8_B_01.uasset" 296
"C:/Users/Zmey/Documents/Unreal Projects/Game/Content/Assets/SciFiWeapLight/FX/Textures/T_Ember_01.uasset" 297
"C:/Users/Zmey/Documents/Unreal Projects/Game/Content/Assets/SciFiWeapLight/FX/Materials/M_Ember_Speed_01.uasset" 298
"C:/Users/Zmey/Documents/Unreal Projects/Game/Content/Assets/SciFiWeapLight/FX/Textures/T_PlasmaMask_01.uasset" 299
"C:/Users/Zmey/Documents/Unreal Projects/Game/Content/Assets/SciFiWeapLight/FX/Textures/T_Plasma_Detail_01.uasset" 300
"C:/Users/Zmey/Documents/Unreal Projects/Game/Content/Assets/SciFiWeapLight/FX/Textures/T_Plasma_B_01.uasset" 301
"C:/Users/Zmey/Documents/Unreal Projects/Game/Content/Assets/SciFiWeapLight/FX/Textures/T_Plasma_A_01.uasset" 302
"C:/Users/Zmey/Documents/Unreal Projects/Game/Content/Assets/SciFiWeapLight/FX/Textures/T_NoiseMask_01.uasset" 303
"C:/Users/Zmey/Documents/Unreal Projects/Game/Content/Assets/SciFiWeapLight/FX/Textures/T_FrameClamp.uasset" 304
"C:/Users/Zmey/Documents/Unreal Projects/Game/Content/Assets/SciFiWeapLight/FX/Materials/M_Plasma_01.uasset" 305
"C:/Users/Zmey/Documents/Unreal Projects/Game/Content/Assets/SciFiWeapLight/FX/Materials/M_Plasma_Inst_G_Light.uasset" 306
"C:/Users/Zmey/Documents/Unreal Projects/Game/Content/Assets/SciFiWeapLight/FX/Particles/P_Impact_Metal_Large_Light.uasset" 307
"C:/Users/Zmey/Documents/Unreal Projects/Game/Content/Assets/SciFiWeapLight/FX/Materials/M_Tracer_A.uasset" 308
"C:/Users/Zmey/Documents/Unreal Projects/Game/Content/Assets/SciFiWeapLight/FX/Meshes/St_Tracer_B.uasset" 309
"C:/Users/Zmey/Documents/Unreal Projects/Game/Content/Assets/SciFiWeapLight/FX/Textures/T_SmokeRibbon_01.uasset" 310
"C:/Users/Zmey/Documents/Unreal Projects/Game/Content/Assets/SciFiWeapLight/FX/Materials/M_SmokeRibbon_01.uasset" 311
"C:/Users/Zmey/Documents/Unreal Projects/Game/Content/Assets/SciFiWeapLight/FX/Materials/M_Plasma_Inst_F_Light.uasset" 312
"C:/Users/Zmey/Documents/Unreal Projects/Game/Content/Assets/SciFiWeapLight/FX/Particles/P_AssaultRifle_Tracer_Light.uasset" 313
"C:/Users/Zmey/Documents/Unreal Projects/Game/Content/Assets/SciFiWeapLight/FX/Textures/T_ShockwaveGlow_01.uasset" 314
"C:/Users/Zmey/Documents/Unreal Projects/Game/Content/Assets/SciFiWeapLight/FX/Materials/M_Shockwave_01.uasset" 315
"C:/Users/Zmey/Documents/Unreal Projects/Game/Content/Assets/SciFiWeapLight/FX/Meshes/St_Shockwave_01.uasset" 316
"C:/Users/Zmey/Documents/Unreal Projects/Game/Content/Assets/SciFiWeapLight/FX/Textures/T_Shockwave_NormalMap_01.uasset" 317
"C:/Users/Zmey/Documents/Unreal Projects/Game/Content/Assets/SciFiWeapLight/FX/Materials/M_Shockwave_Refraction_01.uasset" 318
"C:/Users/Zmey/Documents/Unreal Projects/Game/Content/Assets/SciFiWeapLight/FX/Textures/T_LightRay_01.uasset" 319
"C:/Users/Zmey/Documents/Unreal Projects/Game/Content/Assets/SciFiWeapLight/FX/Materials/M_LightRay_01.uasset" 320
"C:/Users/Zmey/Documents/Unreal Projects/Game/Content/Assets/SciFiWeapLight/FX/Textures/T_Explosion_Heat_A_01.uasset" 321
"C:/Users/Zmey/Documents/Unreal Projects/Game/Content/Assets/SciFiWeapLight/FX/Textures/T_Explosion_Density_A_Normals_01.uasset" 322
"C:/Users/Zmey/Documents/Unreal Projects/Game/Content/Assets/SciFiWeapLight/FX/Textures/T_Explosion_Density_A_01.uasset" 323
"C:/Users/Zmey/Documents/Unreal Projects/Game/Content/Assets/SciFiWeapLight/FX/Textures/T_Explosion_8x8_Erode_01.uasset" 324
"C:/Users/Zmey/Documents/Unreal Projects/Game/Content/Assets/SciFiWeapLight/FX/Materials/M_Explosion_8x8_A_01.uasset" 325
"C:/Users/Zmey/Documents/Unreal Projects/Game/Content/Assets/SciFiWeapLight/FX/Materials/M_Exp_C_Light_Inst.uasset" 326
"C:/Users/Zmey/Documents/Unreal Projects/Game/Content/Assets/SciFiWeapLight/FX/Particles/P_RocketLauncher_Explosion_Light.uasset" 327
"C:/Users/Zmey/Documents/Unreal Projects/Game/Content/Assets/Raznoe/bullet_hole_01.uasset" 328
"C:/Users/Zmey/Documents/Unreal Projects/Game/Content/Assets/Raznoe/bullet_hole_01_Mat.uasset" 329
"C:/Users/Zmey/Documents/Unreal Projects/Game/Content/Blueprints/Weapon/Projectile/BP_Master_Projectile.uasset" 330
"C:/Users/Zmey/Documents/Unreal Projects/Game/Content/Data/Struct_WeaponData.uasset" 331
"C:/Users/Zmey/Documents/Unreal Projects/Game/Content/UMG/WD_AMMO.uasset" 332
"C:/Users/Zmey/Documents/Unreal Projects/Game/Content/UMG/WD_HUD.uasset" 333
"C:/Users/Zmey/Documents/Unreal Projects/Game/Content/MyAssets/MainMenu/Widgets/WD_GamePause.uasset" 334
"C:/Users/Zmey/Documents/Unreal Projects/Game/Content/MyAssets/MainMenu/BP_GameInstance.uasset" 335
"C:/Users/Zmey/Documents/Unreal Projects/Game/Content/MyAssets/MainMenu/Widgets/WD_GameEnd.uasset" 336
"C:/Users/Zmey/Documents/Unreal Projects/Game/Content/Assets/SciFiWeapLight/Weapons/White_SniperRifle_Skeleton.uasset" 337
"C:/Users/Zmey/Documents/Unreal Projects/Game/Content/Assets/SciFiWeapLight/Weapons/White_SniperRifle_PhysicsAsset.uasset" 338
"C:/Users/Zmey/Documents/Unreal Projects/Game/Content/Assets/SciFiWeapLight/Weapons/Textures/T_White_AssaultRifleColor_M.uasset" 339
"C:/Users/Zmey/Documents/Unreal Projects/Game/Content/Assets/SciFiWeapLight/Weapons/Textures/T_White_AssaultRifle_N.uasset" 340
"C:/Users/Zmey/Documents/Unreal Projects/Game/Content/Assets/SciFiWeapLight/Weapons/Textures/T_White_AssaultRifle_Masks2.uasset" 341
"C:/Users/Zmey/Documents/Unreal Projects/Game/Content/Assets/SciFiWeapLight/Weapons/Textures/T_White_AssaultRifle_D.uasset" 342
"C:/Users/Zmey/Documents/Unreal Projects/Game/Content/Assets/SciFiWeapLight/Weapons/Materials/M_WeaponMaster.uasset" 343
"C:/Users/Zmey/Documents/Unreal Projects/Game/Content/Assets/SciFiWeapLight/Weapons/Textures/T_White_SniperRifleColor_M.uasset" 344
"C:/Users/Zmey/Documents/Unreal Projects/Game/Content/Assets/SciFiWeapLight/Weapons/Textures/T_White_SniperRifle_N.uasset" 345
"C:/Users/Zmey/Documents/Unreal Projects/Game/Content/Assets/SciFiWeapLight/Weapons/Textures/T_White_SniperRifle_Masks.uasset" 346
"C:/Users/Zmey/Documents/Unreal Projects/Game/Content/Assets/SciFiWeapLight/Weapons/Textures/T_White_SniperRifle_D.uasset" 347
"C:/Users/Zmey/Documents/Unreal Projects/Game/Content/Assets/SciFiWeapLight/Weapons/Materials/M_SniperRifle_Inst.uasset" 348
"C:/Users/Zmey/Documents/Unreal Projects/Game/Content/Assets/SciFiWeapLight/Weapons/White_SniperRifle.uasset" 349
"C:/Users/Zmey/Documents/Unreal Projects/Game/Content/Anim/Weapon/ABP_Sniper.uasset" 350
"C:/Users/Zmey/Documents/Unreal Projects/Game/Content/Blueprints/Weapon/MaterialScope/RT_Scope.uasset" 351
"C:/Users/Zmey/Documents/Unreal Projects/Game/Content/Blueprints/Weapon/MaterialScope/RT_Scope_Mat.uasset" 352
"C:/Users/Zmey/Documents/Unreal Projects/Game/Content/Assets/FPS_Weapon_Bundle/Weapons/Textures/RDS/T_RDS_02.uasset" 353
"C:/Users/Zmey/Documents/Unreal Projects/Game/Content/Assets/FPS_Weapon_Bundle/Weapons/Textures/RDS/T_RDS_01.uasset" 354
"C:/Users/Zmey/Documents/Unreal Projects/Game/Content/Assets/FPS_Weapon_Bundle/Weapons/Materials/Master_Material/M_RDS_Master.uasset" 355
"C:/Users/Zmey/Documents/Unreal Projects/Game/Content/Assets/FPS_Weapon_Bundle/Weapons/Materials/RDS/M_RDS_01.uasset" 356
"C:/Users/Zmey/Documents/Unreal Projects/Game/Content/Assets/FPS_Weapon_Bundle/Weapons/Materials/RDS/M_RDS_02.uasset" 357
"C:/Users/Zmey/Documents/Unreal Projects/Game/Content/Blueprints/Weapon/BP_Weapon_Sniper.uasset" 358
"C:/Users/Zmey/Documents/Unreal Projects/Game/Content/Assets/SciFiWeapLight/Weapons/White_Shotgun_Skeleton.uasset" 359
"C:/Users/Zmey/Documents/Unreal Projects/Game/Content/Assets/SciFiWeapLight/Weapons/White_Shotgun_PhysicsAsset.uasset" 360
"C:/Users/Zmey/Documents/Unreal Projects/Game/Content/Assets/SciFiWeapLight/Weapons/Textures/T_White_ShotgunColor_M.uasset" 361
"C:/Users/Zmey/Documents/Unreal Projects/Game/Content/Assets/SciFiWeapLight/Weapons/Textures/T_White_Shotgun_N.uasset" 362
"C:/Users/Zmey/Documents/Unreal Projects/Game/Content/Assets/SciFiWeapLight/Weapons/Textures/T_White_Shotgun_Masks.uasset" 363
"C:/Users/Zmey/Documents/Unreal Projects/Game/Content/Assets/SciFiWeapLight/Weapons/Textures/T_White_Shotgun_D.uasset" 364
"C:/Users/Zmey/Documents/Unreal Projects/Game/Content/Assets/SciFiWeapLight/Weapons/Materials/M_Shotgun_Inst.uasset" 365
"C:/Users/Zmey/Documents/Unreal Projects/Game/Content/Assets/SciFiWeapLight/Weapons/White_Shotgun.uasset" 366
"C:/Users/Zmey/Documents/Unreal Projects/Game/Content/Anim/Weapon/ABP_Shotgun.uasset" 367
"C:/Users/Zmey/Documents/Unreal Projects/Game/Content/Blueprints/Weapon/BP_Weapon_Shotgun.uasset" 368
"C:/Users/Zmey/Documents/Unreal Projects/Game/Content/Assets/SciFiWeapLight/Weapons/White_RocketLauncher_Skeleton.uasset" 369
"C:/Users/Zmey/Documents/Unreal Projects/Game/Content/Assets/SciFiWeapLight/Weapons/White_RocketLauncher_PhysicsAsset.uasset" 370
"C:/Users/Zmey/Documents/Unreal Projects/Game/Content/Assets/SciFiWeapLight/Weapons/Textures/T_White_RocketLauncher_N.uasset" 371
"C:/Users/Zmey/Documents/Unreal Projects/Game/Content/Assets/SciFiWeapLight/Weapons/Textures/T_White_RocketLauncher_M.uasset" 372
"C:/Users/Zmey/Documents/Unreal Projects/Game/Content/Assets/SciFiWeapLight/Weapons/Textures/T_White_RocketLauncher_D.uasset" 373
"C:/Users/Zmey/Documents/Unreal Projects/Game/Content/Assets/SciFiWeapLight/Weapons/Materials/M_RocketLauncher_Inst.uasset" 374
"C:/Users/Zmey/Documents/Unreal Projects/Game/Content/Assets/SciFiWeapLight/Weapons/White_RocketLauncher.uasset" 375
"C:/Users/Zmey/Documents/Unreal Projects/Game/Content/Anim/Weapon/ABP_RocketLauncker.uasset" 376
"../../../Engine/Content/BasicShapes/Plane.uasset" 377
"C:/Users/Zmey/Documents/Unreal Projects/Game/Content/Assets/FPS_Weapon_Bundle/Weapons/Textures/RDS/T_RDS_03.uasset" 378
"C:/Users/Zmey/Documents/Unreal Projects/Game/Content/Assets/FPS_Weapon_Bundle/Weapons/Materials/RDS/M_RDS_03.uasset" 379
"C:/Users/Zmey/Documents/Unreal Projects/Game/Content/Blueprints/Weapon/BP_Weapon_RocketLauncher.uasset" 380
"C:/Users/Zmey/Documents/Unreal Projects/Game/Content/Assets/SciFiWeapLight/Weapons/White_Pistol_Skeleton.uasset" 381
"C:/Users/Zmey/Documents/Unreal Projects/Game/Content/Assets/SciFiWeapLight/Weapons/White_Pistol_PhysicsAsset.uasset" 382
"C:/Users/Zmey/Documents/Unreal Projects/Game/Content/Assets/SciFiWeapLight/Weapons/Textures/T_White_Pistol_Masks.uasset" 383
"C:/Users/Zmey/Documents/Unreal Projects/Game/Content/Assets/SciFiWeapLight/Weapons/Textures/T_White_Pistol_N.uasset" 384
"C:/Users/Zmey/Documents/Unreal Projects/Game/Content/Assets/SciFiWeapLight/Weapons/Textures/T_White_Pistol_D.uasset" 385
"C:/Users/Zmey/Documents/Unreal Projects/Game/Content/Assets/SciFiWeapLight/Weapons/Materials/M_Pistol_Inst.uasset" 386
"C:/Users/Zmey/Documents/Unreal Projects/Game/Content/Assets/SciFiWeapLight/Weapons/White_Pistol.uasset" 387
"C:/Users/Zmey/Documents/Unreal Projects/Game/Content/Anim/Weapon/ABP_Pistol.uasset" 388
"C:/Users/Zmey/Documents/Unreal Projects/Game/Content/Blueprints/Weapon/BP_Weapon_Pistol.uasset" 389
"C:/Users/Zmey/Documents/Unreal Projects/Game/Content/Assets/SciFiWeapLight/Weapons/White_AssaultRifle_Skeleton.uasset" 390
"C:/Users/Zmey/Documents/Unreal Projects/Game/Content/Assets/SciFiWeapLight/Weapons/White_AssaultRifle_PhysicsAsset.uasset" 391
"C:/Users/Zmey/Documents/Unreal Projects/Game/Content/Assets/SciFiWeapLight/Weapons/Textures/T_White_AssaultRifle_Masks.uasset" 392
"C:/Users/Zmey/Documents/Unreal Projects/Game/Content/Assets/SciFiWeapLight/Weapons/Materials/M_AssaultRifle_Inst.uasset" 393
"C:/Users/Zmey/Documents/Unreal Projects/Game/Content/Assets/SciFiWeapLight/Weapons/White_AssaultRifle.uasset" 394
"C:/Users/Zmey/Documents/Unreal Projects/Game/Content/Anim/Weapon/ABP_ImpulsGun.uasset" 395
"C:/Users/Zmey/Documents/Unreal Projects/Game/Content/Blueprints/Weapon/MaterialScope/RT_ScopeImpulsGun.uasset" 396
"C:/Users/Zmey/Documents/Unreal Projects/Game/Content/Blueprints/Weapon/MaterialScope/RT_ScopeImpulsGun_Mat.uasset" 397
"C:/Users/Zmey/Documents/Unreal Projects/Game/Content/Blueprints/Weapon/BP_Weapon_ImpulsGun.uasset" 398
"C:/Users/Zmey/Documents/Unreal Projects/Game/Content/UMG/WD_floatingText.uasset" 399
"C:/Users/Zmey/Documents/Unreal Projects/Game/Content/Blueprints/Weapon/BP_FloatingText.uasset" 400
"C:/Users/Zmey/Documents/Unreal Projects/Game/Content/Anim/Character/ABP_Ai_Pawn.uasset" 401
"C:/Users/Zmey/Documents/Unreal Projects/Game/Content/Blueprints/Interact/ChestHealth/M_Health.uasset" 402
"C:/Users/Zmey/Documents/Unreal Projects/Game/Content/Assets/Geometry/Meshes/CubeMaterial.uasset" 403
"C:/Users/Zmey/Documents/Unreal Projects/Game/Content/Assets/Geometry/Meshes/1M_Cube.uasset" 404
"C:/Users/Zmey/Documents/Unreal Projects/Game/Content/Blueprints/Interact/ChestHealth/BP_Pickup_Health_Master.uasset" 405
"C:/Users/Zmey/Documents/Unreal Projects/Game/Content/Blueprints/Interact/ChestHealth/BP_Pickup_Health_Little.uasset" 406
"C:/Users/Zmey/Documents/Unreal Projects/Game/Content/Anim/Character/Hit_React_1.uasset" 407
"C:/Users/Zmey/Documents/Unreal Projects/Game/Content/Anim/Character/Montage/Hit_React_1_Montage.uasset" 408
"C:/Users/Zmey/Documents/Unreal Projects/Game/Content/Anim/Character/Hit_React_2.uasset" 409
"C:/Users/Zmey/Documents/Unreal Projects/Game/Content/Anim/Character/Montage/Hit_React_2_Montage.uasset" 410
"C:/Users/Zmey/Documents/Unreal Projects/Game/Content/Anim/Character/Hit_React_3.uasset" 411
"C:/Users/Zmey/Documents/Unreal Projects/Game/Content/Anim/Character/Montage/Hit_React_3_Montage.uasset" 412
"C:/Users/Zmey/Documents/Unreal Projects/Game/Content/Anim/Character/Hit_React_4.uasset" 413
"C:/Users/Zmey/Documents/Unreal Projects/Game/Content/Anim/Character/Montage/Hit_React_4_Montage.uasset" 414
"C:/Users/Zmey/Documents/Unreal Projects/Game/Content/Assets/SciFiWeapLight/FX/Materials/M_Plasma_Inst_F_Dark.uasset" 415
"C:/Users/Zmey/Documents/Unreal Projects/Game/Content/Assets/SciFiWeapLight/FX/Particles/P_AssaultRifle_Tracer_Dark.uasset" 416
"C:/Users/Zmey/Documents/Unreal Projects/Game/Content/Blueprints/Enemy/BP_Ai_Bullet.uasset" 417
"C:/Users/Zmey/Documents/Unreal Projects/Game/Content/Assets/SciFiWeapLight/FX/Textures/T_GlowSphere_01.uasset" 418
"C:/Users/Zmey/Documents/Unreal Projects/Game/Content/Assets/SciFiWeapLight/FX/Materials/M_Pop_01.uasset" 419
"C:/Users/Zmey/Documents/Unreal Projects/Game/Content/Assets/SciFiWeapLight/FX/Materials/M_Plasma_Inst_A_Light.uasset" 420
"C:/Users/Zmey/Documents/Unreal Projects/Game/Content/Assets/SciFiWeapLight/FX/Textures/T_Pistol_MuzzleFlashes_4x1_A.uasset" 421
"C:/Users/Zmey/Documents/Unreal Projects/Game/Content/Assets/SciFiWeapLight/FX/Materials/M_Pistol_MuzzleFlash_4x1_A.uasset" 422
"C:/Users/Zmey/Documents/Unreal Projects/Game/Content/Assets/SciFiWeapLight/FX/Particles/P_Pistol_MuzzleFlash_Light.uasset" 423
"C:/Users/Zmey/Documents/Unreal Projects/Game/Content/Assets/SciFiWeapLight/Sound/Rifle/Wavs/Rifle_Fire_ST06.uasset" 424
"C:/Users/Zmey/Documents/Unreal Projects/Game/Content/Assets/SciFiWeapLight/Sound/Rifle/Wavs/Rifle_Fire_ST05.uasset" 425
"C:/Users/Zmey/Documents/Unreal Projects/Game/Content/Assets/SciFiWeapLight/Sound/Rifle/Wavs/Rifle_Fire_ST04.uasset" 426
"C:/Users/Zmey/Documents/Unreal Projects/Game/Content/Assets/SciFiWeapLight/Sound/Rifle/Wavs/Rifle_Fire_ST03.uasset" 427
"C:/Users/Zmey/Documents/Unreal Projects/Game/Content/Assets/SciFiWeapLight/Sound/Rifle/Wavs/Rifle_Fire_ST02.uasset" 428
"C:/Users/Zmey/Documents/Unreal Projects/Game/Content/Assets/SciFiWeapLight/Sound/Rifle/Wavs/Rifle_Fire_ST01.uasset" 429
"C:/Users/Zmey/Documents/Unreal Projects/Game/Content/Assets/SciFiWeapLight/Sound/Rifle/Wavs/Rifle_Fire06.uasset" 430
"C:/Users/Zmey/Documents/Unreal Projects/Game/Content/Assets/SciFiWeapLight/Sound/Rifle/Wavs/Rifle_Fire05.uasset" 431
"C:/Users/Zmey/Documents/Unreal Projects/Game/Content/Assets/SciFiWeapLight/Sound/Rifle/Wavs/Rifle_Fire04.uasset" 432
"C:/Users/Zmey/Documents/Unreal Projects/Game/Content/Assets/SciFiWeapLight/Sound/Rifle/Wavs/Rifle_Fire03.uasset" 433
"C:/Users/Zmey/Documents/Unreal Projects/Game/Content/Assets/SciFiWeapLight/Sound/Rifle/Wavs/Rifle_Fire02.uasset" 434
"C:/Users/Zmey/Documents/Unreal Projects/Game/Content/Assets/SciFiWeapLight/Sound/Rifle/Wavs/Rifle_Fire01.uasset" 435
"C:/Users/Zmey/Documents/Unreal Projects/Game/Content/Assets/SciFiWeapLight/Sound/Attenuation/WeaponShot_att.uasset" 436
"C:/Users/Zmey/Documents/Unreal Projects/Game/Content/Assets/SciFiWeapLight/Sound/Rifle/Rifle_Fire_Cue.uasset" 437
"C:/Users/Zmey/Documents/Unreal Projects/Game/Content/Anim/Weapon/ImpulsGun.uasset" 438
"C:/Users/Zmey/Documents/Unreal Projects/Game/Content/Anim/Weapon/ImpulsGun_Montage.uasset" 439
"C:/Users/Zmey/Documents/Unreal Projects/Game/Content/Blueprints/Enemy/BP_Ai_Weapon.uasset" 440
"C:/Users/Zmey/Documents/Unreal Projects/Game/Content/Blueprints/Enemy/AI/EQS_Context.uasset" 441
"C:/Users/Zmey/Documents/Unreal Projects/Game/Content/Blueprints/Enemy/AI/EQS_Query.uasset" 442
"C:/Users/Zmey/Documents/Unreal Projects/Game/Content/Blueprints/Enemy/AI/BTT_PatrolPoint.uasset" 443
"C:/Users/Zmey/Documents/Unreal Projects/Game/Content/Blueprints/Enemy/AI/BTT_Attack.uasset" 444
"C:/Users/Zmey/Documents/Unreal Projects/Game/Content/Blueprints/Enemy/AI/BTD_PatrolRandomWait.uasset" 445
"C:/Users/Zmey/Documents/Unreal Projects/Game/Content/Blueprints/Enemy/AI/BTD_IsFiring.uasset" 446
"C:/Users/Zmey/Documents/Unreal Projects/Game/Content/Blueprints/Enemy/AI/BTD_IsClose.uasset" 447
"C:/Users/Zmey/Documents/Unreal Projects/Game/Content/Blueprints/Enemy/AI/BB_BlackboardData.uasset" 448
"C:/Users/Zmey/Documents/Unreal Projects/Game/Content/Blueprints/Enemy/AI/BT_Patrol.uasset" 449
"C:/Users/Zmey/Documents/Unreal Projects/Game/Content/Blueprints/Enemy/AI/BP_AI.uasset" 450
"C:/Users/Zmey/Documents/Unreal Projects/Game/Content/Blueprints/Enemy/BP_Ai_Master.uasset" 451
"../../../Engine/Content/Functions/Engine_MaterialFunctions01/Gradient/LinearGradient.uasset" 452
"C:/Users/Zmey/Documents/Unreal Projects/Game/Content/MyAssets/Zones/M_Zone1.uasset" 453
"../../../Engine/Content/BasicShapes/Cube.uasset" 454
"C:/Users/Zmey/Documents/Unreal Projects/Game/Content/MyAssets/Zones/BP_DecelerationZone.uasset" 455
"C:/Users/Zmey/Documents/Unreal Projects/Game/Content/Assets/StarterContent/Materials/M_Basic_Wall.uasset" 456
"C:/Users/Zmey/Documents/Unreal Projects/Game/Content/Assets/StarterContent/Shapes/Shape_Sphere.uasset" 457
"C:/Users/Zmey/Documents/Unreal Projects/Game/Content/MyAssets/Zones/BP_DecelerationZone_Child.uasset" 458
"C:/Users/Zmey/Documents/Unreal Projects/Game/Content/Assets/StarterContent/Shapes/Shape_Cylinder.uasset" 459
"C:/Users/Zmey/Documents/Unreal Projects/Game/Content/Assets/StarterContent/Textures/T_Tech_Hex_Tile_N.uasset" 460
"C:/Users/Zmey/Documents/Unreal Projects/Game/Content/Assets/StarterContent/Textures/T_Tech_Hex_Tile_M.uasset" 461
"C:/Users/Zmey/Documents/Unreal Projects/Game/Content/Assets/StarterContent/Textures/T_MacroVariation.uasset" 462
"C:/Users/Zmey/Documents/Unreal Projects/Game/Content/Assets/StarterContent/Materials/M_Tech_Hex_Tile_Pulse.uasset" 463
"C:/Users/Zmey/Documents/Unreal Projects/Game/Content/Assets/StarterContent/Textures/T_Metal_Gold_N.uasset" 464
"C:/Users/Zmey/Documents/Unreal Projects/Game/Content/Assets/StarterContent/Textures/T_Metal_Aluminum_D.uasset" 465
"C:/Users/Zmey/Documents/Unreal Projects/Game/Content/Assets/StarterContent/Materials/M_Metal_Burnished_Steel.uasset" 466
"C:/Users/Zmey/Documents/Unreal Projects/Game/Content/Assets/SciFiWeapLight/Sound/Knife/Wavs/Knife_ImpactBody03.uasset" 467
"C:/Users/Zmey/Documents/Unreal Projects/Game/Content/Assets/SciFiWeapLight/Sound/Knife/Wavs/Knife_ImpactBody02.uasset" 468
"C:/Users/Zmey/Documents/Unreal Projects/Game/Content/Assets/SciFiWeapLight/Sound/Knife/Wavs/Knife_ImpactBody01.uasset" 469
"C:/Users/Zmey/Documents/Unreal Projects/Game/Content/Assets/SciFiWeapLight/Sound/Knife/Knife_ImpactBody_Cue.uasset" 470
"C:/Users/Zmey/Documents/Unreal Projects/Game/Content/Assets/SciFiWeapLight/FX/Textures/T_Debris_Tileable_01.uasset" 471
"C:/Users/Zmey/Documents/Unreal Projects/Game/Content/Assets/SciFiWeapLight/FX/Materials/M_Debris_Tileable_01.uasset" 472
"C:/Users/Zmey/Documents/Unreal Projects/Game/Content/Assets/SciFiWeapLight/FX/Textures/T_RockSmall_01.uasset" 473
"C:/Users/Zmey/Documents/Unreal Projects/Game/Content/Assets/SciFiWeapLight/FX/Materials/M_RockSmall_01.uasset" 474
"C:/Users/Zmey/Documents/Unreal Projects/Game/Content/Assets/SciFiWeapLight/FX/Materials/M_Exp_D_Light_Inst.uasset" 475
"C:/Users/Zmey/Documents/Unreal Projects/Game/Content/Assets/SciFiWeapLight/FX/Particles/P_Grenade_Explosion_Light.uasset" 476
"C:/Users/Zmey/Documents/Unreal Projects/Game/Content/Assets/SciFiWeapLight/Sound/GrenadeLauncher/Wavs/GL_Explosion05.uasset" 477
"C:/Users/Zmey/Documents/Unreal Projects/Game/Content/Assets/SciFiWeapLight/Sound/GrenadeLauncher/Wavs/GL_Explosion04.uasset" 478
"C:/Users/Zmey/Documents/Unreal Projects/Game/Content/Assets/SciFiWeapLight/Sound/GrenadeLauncher/Wavs/GL_Explosion03.uasset" 479
"C:/Users/Zmey/Documents/Unreal Projects/Game/Content/Assets/SciFiWeapLight/Sound/GrenadeLauncher/Wavs/GL_Explosion02.uasset" 480
"C:/Users/Zmey/Documents/Unreal Projects/Game/Content/Assets/SciFiWeapLight/Sound/GrenadeLauncher/Wavs/GL_Explosion01.uasset" 481
"C:/Users/Zmey/Documents/Unreal Projects/Game/Content/Assets/SciFiWeapLight/Sound/GrenadeLauncher/GL_Explosion_Cue.uasset" 482
"C:/Users/Zmey/Documents/Unreal Projects/Game/Content/Blueprints/BP_Grenade.uasset" 483
"C:/Users/Zmey/Documents/Unreal Projects/Game/Content/Blueprints/BP_CameraActor.uasset" 484
"C:/Users/Zmey/Documents/Unreal Projects/Game/Content/Assets/StarterContent/Textures/T_Burst_M.uasset" 485
"C:/Users/Zmey/Documents/Unreal Projects/Game/Content/Anim/Weapon/Toss_Grenade.uasset" 486
"C:/Users/Zmey/Documents/Unreal Projects/Game/Content/Anim/Weapon/Toss_Grenade_Montage.uasset" 487
"C:/Users/Zmey/Documents/Unreal Projects/Game/Content/Blueprints/Player/BP_Master_PlayerCharacter.uasset" 488
"C:/Users/Zmey/Documents/Unreal Projects/Game/Content/UMG/WD_AmmoWeapon.uasset" 489
"C:/Users/Zmey/Documents/Unreal Projects/Game/Content/Data/Enum_WeaponModules.uasset" 490
"C:/Users/Zmey/Documents/Unreal Projects/Game/Content/Anim/Character/Reload_Rifle_Hip.uasset" 491
"C:/Users/Zmey/Documents/Unreal Projects/Game/Content/Anim/Character/Montage/Reload_Rifle_Hip_Montage.uasset" 492
"C:/Users/Zmey/Documents/Unreal Projects/Game/Content/Assets/SciFiWeapLight/Sound/RocketLauncher/Wavs/RL_Fire_ST04.uasset" 493
"C:/Users/Zmey/Documents/Unreal Projects/Game/Content/Assets/SciFiWeapLight/Sound/RocketLauncher/Wavs/RL_Fire_ST03.uasset" 494
"C:/Users/Zmey/Documents/Unreal Projects/Game/Content/Assets/SciFiWeapLight/Sound/RocketLauncher/Wavs/RL_Fire_ST02.uasset" 495
"C:/Users/Zmey/Documents/Unreal Projects/Game/Content/Assets/SciFiWeapLight/Sound/RocketLauncher/Wavs/RL_Fire_ST01.uasset" 496
"C:/Users/Zmey/Documents/Unreal Projects/Game/Content/Assets/SciFiWeapLight/Sound/RocketLauncher/Wavs/RL_Fire04.uasset" 497
"C:/Users/Zmey/Documents/Unreal Projects/Game/Content/Assets/SciFiWeapLight/Sound/RocketLauncher/Wavs/RL_Fire03.uasset" 498
"C:/Users/Zmey/Documents/Unreal Projects/Game/Content/Assets/SciFiWeapLight/Sound/RocketLauncher/Wavs/RL_Fire02.uasset" 499
"C:/Users/Zmey/Documents/Unreal Projects/Game/Content/Assets/SciFiWeapLight/Sound/RocketLauncher/Wavs/RL_Fire01.uasset" 500
"C:/Users/Zmey/Documents/Unreal Projects/Game/Content/Assets/SciFiWeapLight/Sound/RocketLauncher/RL_Fire_Cue.uasset" 501
"C:/Users/Zmey/Documents/Unreal Projects/Game/Content/Assets/SciFiWeapLight/FX/Particles/P_RocketLauncher_MuzzleFlash_Rear_Light.uasset" 502
"C:/Users/Zmey/Documents/Unreal Projects/Game/Content/Assets/SciFiWeapLight/FX/Materials/M_Plasma_Inst_C_Light.uasset" 503
"C:/Users/Zmey/Documents/Unreal Projects/Game/Content/Assets/SciFiWeapLight/FX/Particles/P_RocketLauncher_MuzzleFlash_Front_Light.uasset" 504
"C:/Users/Zmey/Documents/Unreal Projects/Game/Content/Assets/SciFiWeapLight/Weapons/Anims/Fire_RocketLauncher_W.uasset" 505
"C:/Users/Zmey/Documents/Unreal Projects/Game/Content/Anim/Weapon/Fire_RocketLauncher_W_Montage.uasset" 506
"C:/Users/Zmey/Documents/Unreal Projects/Game/Content/Assets/SciFiWeapLight/Sound/Pistol/Wavs/Pistol_Fire_ST07.uasset" 507
"C:/Users/Zmey/Documents/Unreal Projects/Game/Content/Assets/SciFiWeapLight/Sound/Pistol/Wavs/Pistol_Fire_ST06.uasset" 508
"C:/Users/Zmey/Documents/Unreal Projects/Game/Content/Assets/SciFiWeapLight/Sound/Pistol/Wavs/Pistol_Fire_ST05.uasset" 509
"C:/Users/Zmey/Documents/Unreal Projects/Game/Content/Assets/SciFiWeapLight/Sound/Pistol/Wavs/Pistol_Fire_ST04.uasset" 510
"C:/Users/Zmey/Documents/Unreal Projects/Game/Content/Assets/SciFiWeapLight/Sound/Pistol/Wavs/Pistol_Fire_ST03.uasset" 511
"C:/Users/Zmey/Documents/Unreal Projects/Game/Content/Assets/SciFiWeapLight/Sound/Pistol/Wavs/Pistol_Fire_ST02.uasset" 512
"C:/Users/Zmey/Documents/Unreal Projects/Game/Content/Assets/SciFiWeapLight/Sound/Pistol/Wavs/Pistol_Fire_ST01.uasset" 513
"C:/Users/Zmey/Documents/Unreal Projects/Game/Content/Assets/SciFiWeapLight/Sound/Pistol/Wavs/Pistol_Fire07.uasset" 514
"C:/Users/Zmey/Documents/Unreal Projects/Game/Content/Assets/SciFiWeapLight/Sound/Pistol/Wavs/Pistol_Fire06.uasset" 515
"C:/Users/Zmey/Documents/Unreal Projects/Game/Content/Assets/SciFiWeapLight/Sound/Pistol/Wavs/Pistol_Fire05.uasset" 516
"C:/Users/Zmey/Documents/Unreal Projects/Game/Content/Assets/SciFiWeapLight/Sound/Pistol/Wavs/Pistol_Fire04.uasset" 517
"C:/Users/Zmey/Documents/Unreal Projects/Game/Content/Assets/SciFiWeapLight/Sound/Pistol/Wavs/Pistol_Fire03.uasset" 518
"C:/Users/Zmey/Documents/Unreal Projects/Game/Content/Assets/SciFiWeapLight/Sound/Pistol/Wavs/Pistol_Fire02.uasset" 519
"C:/Users/Zmey/Documents/Unreal Projects/Game/Content/Assets/SciFiWeapLight/Sound/Pistol/Wavs/Pistol_Fire01.uasset" 520
"C:/Users/Zmey/Documents/Unreal Projects/Game/Content/Assets/SciFiWeapLight/Sound/Pistol/Pistol_Fire_Cue.uasset" 521
"C:/Users/Zmey/Documents/Unreal Projects/Game/Content/Anim/Weapon/Fire_Pistol_W.uasset" 522
"C:/Users/Zmey/Documents/Unreal Projects/Game/Content/Anim/Weapon/Fire_Pistol_W_Montage.uasset" 523
"C:/Users/Zmey/Documents/Unreal Projects/Game/Content/Anim/Character/Fire_Rifle_Hip.uasset" 524
"C:/Users/Zmey/Documents/Unreal Projects/Game/Content/Anim/Character/Montage/Fire_Rifle_Hip_Montage.uasset" 525
"C:/Users/Zmey/Documents/Unreal Projects/Game/Content/Anim/Character/Fire_Rifle_Ironsights.uasset" 526
"C:/Users/Zmey/Documents/Unreal Projects/Game/Content/Anim/Character/Montage/Fire_Rifle_Ironsights_Montage.uasset" 527
"C:/Users/Zmey/Documents/Unreal Projects/Game/Content/Anim/Character/Fire_Shotgun_Hip.uasset" 528
"C:/Users/Zmey/Documents/Unreal Projects/Game/Content/Anim/Character/Montage/Fire_Shotgun_Hip_Montage.uasset" 529
"C:/Users/Zmey/Documents/Unreal Projects/Game/Content/Anim/Character/Fire_Shotgun_Ironsights.uasset" 530
"C:/Users/Zmey/Documents/Unreal Projects/Game/Content/Anim/Character/Montage/Fire_Shotgun_Ironsights_Montage.uasset" 531
"C:/Users/Zmey/Documents/Unreal Projects/Game/Content/Anim/Character/Reload_Pistol.uasset" 532
"C:/Users/Zmey/Documents/Unreal Projects/Game/Content/Anim/Character/Montage/Reload_Pistol_Montage.uasset" 533
"C:/Users/Zmey/Documents/Unreal Projects/Game/Content/Assets/SciFiWeapLight/FX/Meshes/St_Tracer_A.uasset" 534
"C:/Users/Zmey/Documents/Unreal Projects/Game/Content/Assets/SciFiWeapLight/FX/Materials/M_Tracer_B.uasset" 535
"C:/Users/Zmey/Documents/Unreal Projects/Game/Content/Assets/SciFiWeapLight/FX/Materials/M_Ember_01.uasset" 536
"C:/Users/Zmey/Documents/Unreal Projects/Game/Content/Assets/SciFiWeapLight/FX/Particles/P_Shotgun_Tracer_Light.uasset" 537
"C:/Users/Zmey/Documents/Unreal Projects/Game/Content/Blueprints/Weapon/Projectile/BP_Projectile_Shotgun.uasset" 538
"C:/Users/Zmey/Documents/Unreal Projects/Game/Content/Assets/SciFiWeapLight/Weapons/Textures/T_White_RocketLauncherColor_M.uasset" 539
"C:/Users/Zmey/Documents/Unreal Projects/Game/Content/Assets/SciFiWeapLight/Weapons/Materials/M_RocketLauncherVer2_Inst.uasset" 540
"C:/Users/Zmey/Documents/Unreal Projects/Game/Content/Assets/SciFiWeapLight/Weapons/White_RocketLauncher_Ammo.uasset" 541
"C:/Users/Zmey/Documents/Unreal Projects/Game/Content/Assets/PrototypeWeap/FX/Textures/T_SmokeSimple_01.uasset" 542
"C:/Users/Zmey/Documents/Unreal Projects/Game/Content/Assets/PrototypeWeap/FX/Materials/M_SmokeSimple_01.uasset" 543
"C:/Users/Zmey/Documents/Unreal Projects/Game/Content/Assets/PrototypeWeap/FX/Textures/T_GlowSphere_01.uasset" 544
"C:/Users/Zmey/Documents/Unreal Projects/Game/Content/Assets/PrototypeWeap/FX/Materials/M_Pop_01.uasset" 545
"C:/Users/Zmey/Documents/Unreal Projects/Game/Content/Assets/PrototypeWeap/FX/Textures/T_LightStreak_01.uasset" 546
"C:/Users/Zmey/Documents/Unreal Projects/Game/Content/Assets/PrototypeWeap/FX/Materials/M_LightStreak_01.uasset" 547
"C:/Users/Zmey/Documents/Unreal Projects/Game/Content/Assets/PrototypeWeap/FX/P_RocketLauncher_Trail.uasset" 548
"C:/Users/Zmey/Documents/Unreal Projects/Game/Content/Blueprints/Weapon/Projectile/BP_Projectile_Rocket.uasset" 549
"C:/Users/Zmey/Documents/Unreal Projects/Game/Content/Blueprints/Weapon/Projectile/BP_Projectile_Bullet.uasset" 550
"C:/Users/Zmey/Documents/Unreal Projects/Game/Content/Assets/SciFiWeapLight/Sound/SniperRifle/Wavs/SR_ReloadEject03.uasset" 551
"C:/Users/Zmey/Documents/Unreal Projects/Game/Content/Assets/SciFiWeapLight/Sound/SniperRifle/Wavs/SR_ReloadEject02.uasset" 552
"C:/Users/Zmey/Documents/Unreal Projects/Game/Content/Assets/SciFiWeapLight/Sound/SniperRifle/Wavs/SR_ReloadEject01.uasset" 553
"C:/Users/Zmey/Documents/Unreal Projects/Game/Content/Assets/SciFiWeapLight/Sound/Attenuation/WeaponHandling_att.uasset" 554
"C:/Users/Zmey/Documents/Unreal Projects/Game/Content/Assets/SciFiWeapLight/Sound/SniperRifle/SR_ReloadEject_Cue.uasset" 555
"C:/Users/Zmey/Documents/Unreal Projects/Game/Content/Assets/SciFiWeapLight/Sound/SniperRifle/Wavs/SR_Reload03.uasset" 556
"C:/Users/Zmey/Documents/Unreal Projects/Game/Content/Assets/SciFiWeapLight/Sound/SniperRifle/Wavs/SR_Reload02.uasset" 557
"C:/Users/Zmey/Documents/Unreal Projects/Game/Content/Assets/SciFiWeapLight/Sound/SniperRifle/Wavs/SR_Reload01.uasset" 558
"C:/Users/Zmey/Documents/Unreal Projects/Game/Content/Assets/SciFiWeapLight/Sound/SniperRifle/SR_Reload_Cue.uasset" 559
"C:/Users/Zmey/Documents/Unreal Projects/Game/Content/Anim/Weapon/Reload_SniperRifle_Hips_W.uasset" 560
"C:/Users/Zmey/Documents/Unreal Projects/Game/Content/Anim/Weapon/Reload_SniperRifle_Hips_W_Montage.uasset" 561
"C:/Users/Zmey/Documents/Unreal Projects/Game/Content/Assets/SciFiWeapLight/Sound/Shotgun/Wavs/Shotgun_ReloadOut03.uasset" 562
"C:/Users/Zmey/Documents/Unreal Projects/Game/Content/Assets/SciFiWeapLight/Sound/Shotgun/Wavs/Shotgun_ReloadOut02.uasset" 563
"C:/Users/Zmey/Documents/Unreal Projects/Game/Content/Assets/SciFiWeapLight/Sound/Shotgun/Wavs/Shotgun_ReloadOut01.uasset" 564
"C:/Users/Zmey/Documents/Unreal Projects/Game/Content/Assets/SciFiWeapLight/Sound/Shotgun/Shotgun_ReloadOut_Cue.uasset" 565
"C:/Users/Zmey/Documents/Unreal Projects/Game/Content/Assets/SciFiWeapLight/Sound/Shotgun/Wavs/Shotgun_ReloadMagOut02.uasset" 566
"C:/Users/Zmey/Documents/Unreal Projects/Game/Content/Assets/SciFiWeapLight/Sound/Shotgun/Wavs/Shotgun_ReloadMagOut01.uasset" 567
"C:/Users/Zmey/Documents/Unreal Projects/Game/Content/Assets/SciFiWeapLight/Sound/Shotgun/Shotgun_ReloadMagOut_Cue.uasset" 568
"C:/Users/Zmey/Documents/Unreal Projects/Game/Content/Assets/SciFiWeapLight/Sound/Shotgun/Wavs/Shotgun_ReloadMag03.uasset" 569
"C:/Users/Zmey/Documents/Unreal Projects/Game/Content/Assets/SciFiWeapLight/Sound/Shotgun/Wavs/Shotgun_ReloadMag02.uasset" 570
"C:/Users/Zmey/Documents/Unreal Projects/Game/Content/Assets/SciFiWeapLight/Sound/Shotgun/Wavs/Shotgun_ReloadMag01.uasset" 571
"C:/Users/Zmey/Documents/Unreal Projects/Game/Content/Assets/SciFiWeapLight/Sound/Shotgun/Shotgun_ReloadMag_Cue.uasset" 572
"C:/Users/Zmey/Documents/Unreal Projects/Game/Content/Assets/SciFiWeapLight/Sound/Shotgun/Wavs/Shotgun_ReloadIn03.uasset" 573
"C:/Users/Zmey/Documents/Unreal Projects/Game/Content/Assets/SciFiWeapLight/Sound/Shotgun/Wavs/Shotgun_ReloadIn02.uasset" 574
"C:/Users/Zmey/Documents/Unreal Projects/Game/Content/Assets/SciFiWeapLight/Sound/Shotgun/Shotgun_ReloadIn_Cue.uasset" 575
"C:/Users/Zmey/Documents/Unreal Projects/Game/Content/Anim/Weapon/Reload_Shotgun_W.uasset" 576
"C:/Users/Zmey/Documents/Unreal Projects/Game/Content/Anim/Weapon/Reload_Shotgun_W_Montage.uasset" 577
"C:/Users/Zmey/Documents/Unreal Projects/Game/Content/Assets/SciFiWeapLight/Sound/RocketLauncher/Wavs/RL_Reload03.uasset" 578
"C:/Users/Zmey/Documents/Unreal Projects/Game/Content/Assets/SciFiWeapLight/Sound/RocketLauncher/Wavs/RL_Reload02.uasset" 579
"C:/Users/Zmey/Documents/Unreal Projects/Game/Content/Assets/SciFiWeapLight/Sound/RocketLauncher/Wavs/RL_Reload01.uasset" 580
"C:/Users/Zmey/Documents/Unreal Projects/Game/Content/Assets/SciFiWeapLight/Sound/RocketLauncher/RL_Reload_Cue.uasset" 581
"C:/Users/Zmey/Documents/Unreal Projects/Game/Content/Assets/SciFiWeapLight/Sound/RocketLauncher/Wavs/RL_ReloadDetach.uasset" 582
"C:/Users/Zmey/Documents/Unreal Projects/Game/Content/Assets/SciFiWeapLight/Sound/RocketLauncher/RL_ReloadDetach_Cue.uasset" 583
"C:/Users/Zmey/Documents/Unreal Projects/Game/Content/Assets/SciFiWeapLight/Weapons/Anims/Reload_RocketLauncher_W.uasset" 584
"C:/Users/Zmey/Documents/Unreal Projects/Game/Content/Anim/Weapon/Reload_RocketLauncher_W_Montage.uasset" 585
"C:/Users/Zmey/Documents/Unreal Projects/Game/Content/Assets/SciFiWeapLight/Sound/Rifle/Wavs/Rifle_Reload03.uasset" 586
"C:/Users/Zmey/Documents/Unreal Projects/Game/Content/Assets/SciFiWeapLight/Sound/Rifle/Wavs/Rifle_Reload02.uasset" 587
"C:/Users/Zmey/Documents/Unreal Projects/Game/Content/Assets/SciFiWeapLight/Sound/Rifle/Wavs/Rifle_Reload01.uasset" 588
"C:/Users/Zmey/Documents/Unreal Projects/Game/Content/Assets/SciFiWeapLight/Sound/Rifle/Rifle_Reload_Cue.uasset" 589
"C:/Users/Zmey/Documents/Unreal Projects/Game/Content/Assets/SciFiWeapLight/Sound/Rifle/Wavs/Rifle_ReloadInsert03.uasset" 590
"C:/Users/Zmey/Documents/Unreal Projects/Game/Content/Assets/SciFiWeapLight/Sound/Rifle/Wavs/Rifle_ReloadInsert02.uasset" 591
"C:/Users/Zmey/Documents/Unreal Projects/Game/Content/Assets/SciFiWeapLight/Sound/Rifle/Wavs/Rifle_ReloadInsert01.uasset" 592
"C:/Users/Zmey/Documents/Unreal Projects/Game/Content/Assets/SciFiWeapLight/Sound/Rifle/Rifle_ReloadInsert_Cue.uasset" 593
"C:/Users/Zmey/Documents/Unreal Projects/Game/Content/Assets/SciFiWeapLight/Weapons/Anims/Reload_Rifle_Hips_W.uasset" 594
"C:/Users/Zmey/Documents/Unreal Projects/Game/Content/Anim/Weapon/Reload_Rifle_Hips_W_Montage.uasset" 595
"C:/Users/Zmey/Documents/Unreal Projects/Game/Content/Assets/SciFiWeapLight/Sound/Pistol/Wavs/Pistol_ReloadSlideRack03.uasset" 596
"C:/Users/Zmey/Documents/Unreal Projects/Game/Content/Assets/SciFiWeapLight/Sound/Pistol/Wavs/Pistol_ReloadSlideRack02.uasset" 597
"C:/Users/Zmey/Documents/Unreal Projects/Game/Content/Assets/SciFiWeapLight/Sound/Pistol/Wavs/Pistol_ReloadSlideRack01.uasset" 598
"C:/Users/Zmey/Documents/Unreal Projects/Game/Content/Assets/SciFiWeapLight/Sound/Pistol/Wavs/Pistol_ReloadMagInsert03.uasset" 599
"C:/Users/Zmey/Documents/Unreal Projects/Game/Content/Assets/SciFiWeapLight/Sound/Pistol/Wavs/Pistol_ReloadMagInsert02.uasset" 600
"C:/Users/Zmey/Documents/Unreal Projects/Game/Content/Assets/SciFiWeapLight/Sound/Pistol/Wavs/Pistol_ReloadMagInsert01.uasset" 601
"C:/Users/Zmey/Documents/Unreal Projects/Game/Content/Assets/SciFiWeapLight/Sound/Pistol/Pistol_ReloadInsert_Cue.uasset" 602
"C:/Users/Zmey/Documents/Unreal Projects/Game/Content/Assets/SciFiWeapLight/Sound/Pistol/Wavs/Pistol_ReloadMagEject03.uasset" 603
"C:/Users/Zmey/Documents/Unreal Projects/Game/Content/Assets/SciFiWeapLight/Sound/Pistol/Wavs/Pistol_ReloadMagEject02.uasset" 604
"C:/Users/Zmey/Documents/Unreal Projects/Game/Content/Assets/SciFiWeapLight/Sound/Pistol/Wavs/Pistol_ReloadMagEject01.uasset" 605
"C:/Users/Zmey/Documents/Unreal Projects/Game/Content/Assets/SciFiWeapLight/Sound/Pistol/Pistol_ReloadEject_Cue.uasset" 606
"C:/Users/Zmey/Documents/Unreal Projects/Game/Content/Anim/Weapon/Reload_Pistol_W.uasset" 607
"C:/Users/Zmey/Documents/Unreal Projects/Game/Content/Anim/Weapon/Reload_Pistol_W_Montage.uasset" 608
"C:/Users/Zmey/Documents/Unreal Projects/Game/Content/Assets/SciFiWeapLight/Sound/SniperRifle/Wavs/SR_Fire_ST04.uasset" 609
"C:/Users/Zmey/Documents/Unreal Projects/Game/Content/Assets/SciFiWeapLight/Sound/SniperRifle/Wavs/SR_Fire_ST03.uasset" 610
"C:/Users/Zmey/Documents/Unreal Projects/Game/Content/Assets/SciFiWeapLight/Sound/SniperRifle/Wavs/SR_Fire_ST02.uasset" 611
"C:/Users/Zmey/Documents/Unreal Projects/Game/Content/Assets/SciFiWeapLight/Sound/SniperRifle/Wavs/SR_Fire_ST01.uasset" 612
"C:/Users/Zmey/Documents/Unreal Projects/Game/Content/Assets/SciFiWeapLight/Sound/SniperRifle/Wavs/SR_Fire04.uasset" 613
"C:/Users/Zmey/Documents/Unreal Projects/Game/Content/Assets/SciFiWeapLight/Sound/SniperRifle/Wavs/SR_Fire03.uasset" 614
"C:/Users/Zmey/Documents/Unreal Projects/Game/Content/Assets/SciFiWeapLight/Sound/SniperRifle/Wavs/SR_Fire02.uasset" 615
"C:/Users/Zmey/Documents/Unreal Projects/Game/Content/Assets/SciFiWeapLight/Sound/SniperRifle/Wavs/SR_Fire01.uasset" 616
"C:/Users/Zmey/Documents/Unreal Projects/Game/Content/Assets/SciFiWeapLight/Sound/SniperRifle/SR_Fire_Cue.uasset" 617
"C:/Users/Zmey/Documents/Unreal Projects/Game/Content/Assets/SciFiWeapLight/FX/Materials/M_AssualtRifle_Core_01.uasset" 618
"C:/Users/Zmey/Documents/Unreal Projects/Game/Content/Assets/SciFiWeapLight/FX/Meshes/St_AssualtRifle_Core_01.uasset" 619
"C:/Users/Zmey/Documents/Unreal Projects/Game/Content/Assets/SciFiWeapLight/FX/Particles/P_SniperRifle_MuzzleFlash_Light.uasset" 620
"C:/Users/Zmey/Documents/Unreal Projects/Game/Content/Anim/Weapon/Fire_SniperRifle_W.uasset" 621
"C:/Users/Zmey/Documents/Unreal Projects/Game/Content/Anim/Weapon/Fire_SniperRifle_W_Montage.uasset" 622
"C:/Users/Zmey/Documents/Unreal Projects/Game/Content/Assets/SciFiWeapLight/Sound/Shotgun/Wavs/Shotgun_Reload03.uasset" 623
"C:/Users/Zmey/Documents/Unreal Projects/Game/Content/Assets/SciFiWeapLight/Sound/Shotgun/Wavs/Shotgun_Reload02.uasset" 624
"C:/Users/Zmey/Documents/Unreal Projects/Game/Content/Assets/SciFiWeapLight/Sound/Shotgun/Wavs/Shotgun_Reload01.uasset" 625
"C:/Users/Zmey/Documents/Unreal Projects/Game/Content/Assets/SciFiWeapLight/Sound/Shotgun/Shotgun_Reload_Cue.uasset" 626
"C:/Users/Zmey/Documents/Unreal Projects/Game/Content/Assets/SciFiWeapLight/Sound/Shotgun/Wavs/Shotgun_Fire_ST04.uasset" 627
"C:/Users/Zmey/Documents/Unreal Projects/Game/Content/Assets/SciFiWeapLight/Sound/Shotgun/Wavs/Shotgun_Fire_ST03.uasset" 628
"C:/Users/Zmey/Documents/Unreal Projects/Game/Content/Assets/SciFiWeapLight/Sound/Shotgun/Wavs/Shotgun_Fire_ST02.uasset" 629
"C:/Users/Zmey/Documents/Unreal Projects/Game/Content/Assets/SciFiWeapLight/Sound/Shotgun/Wavs/Shotgun_Fire_ST01.uasset" 630
"C:/Users/Zmey/Documents/Unreal Projects/Game/Content/Assets/SciFiWeapLight/Sound/Shotgun/Wavs/Shotgun_Fire04.uasset" 631
"C:/Users/Zmey/Documents/Unreal Projects/Game/Content/Assets/SciFiWeapLight/Sound/Shotgun/Wavs/Shotgun_Fire03.uasset" 632
"C:/Users/Zmey/Documents/Unreal Projects/Game/Content/Assets/SciFiWeapLight/Sound/Shotgun/Wavs/Shotgun_Fire02.uasset" 633
"C:/Users/Zmey/Documents/Unreal Projects/Game/Content/Assets/SciFiWeapLight/Sound/Shotgun/Wavs/Shotgun_Fire01.uasset" 634
"C:/Users/Zmey/Documents/Unreal Projects/Game/Content/Assets/SciFiWeapLight/Sound/Shotgun/Shotgun_Fire_Cue.uasset" 635
"C:/Users/Zmey/Documents/Unreal Projects/Game/Content/Assets/SciFiWeapLight/FX/Textures/T_AssaultRifle_MuzzleFlashes_01.uasset" 636
"C:/Users/Zmey/Documents/Unreal Projects/Game/Content/Assets/SciFiWeapLight/FX/Materials/M_AssaultRifle_MuzzleFlash_4x1.uasset" 637
"C:/Users/Zmey/Documents/Unreal Projects/Game/Content/Assets/SciFiWeapLight/FX/Materials/M_Plasma_Inst_D_light.uasset" 638
"C:/Users/Zmey/Documents/Unreal Projects/Game/Content/Assets/SciFiWeapLight/FX/Materials/M_Plasma_Inst_B_Light.uasset" 639
"C:/Users/Zmey/Documents/Unreal Projects/Game/Content/Assets/SciFiWeapLight/FX/Particles/P_Shotgun_MuzzleFlash_Light.uasset" 640
"C:/Users/Zmey/Documents/Unreal Projects/Game/Content/Anim/Weapon/Fire_Shotgun_W.uasset" 641
"C:/Users/Zmey/Documents/Unreal Projects/Game/Content/Anim/Weapon/Fire_Shotgun_W_Montage.uasset" 642
"C:/Users/Zmey/Documents/Unreal Projects/Game/Content/Data/DT_Weapon.uasset" 643
"C:/Users/Zmey/Documents/Unreal Projects/Game/Content/Assets/Raznoe/M_Beam.uasset" 644
"C:/Users/Zmey/Documents/Unreal Projects/Game/Content/Assets/Raznoe/P_Beam.uasset" 645
"C:/Users/Zmey/Documents/Unreal Projects/Game/Content/Blueprints/Weapon/BP_Master_Weapon.uasset" 646
"C:/Users/Zmey/Documents/Unreal Projects/Game/Content/MyAssets/BigPlayer/ybot_Skeleton.uasset" 647
"C:/Users/Zmey/Documents/Unreal Projects/Game/Content/MyAssets/BigPlayer/ybot_PhysicsAsset.uasset" 648
"C:/Users/Zmey/Documents/Unreal Projects/Game/Content/MyAssets/BigPlayer/Textures/Alpha_Joints_MAT.uasset" 649
"C:/Users/Zmey/Documents/Unreal Projects/Game/Content/MyAssets/BigPlayer/Textures/Alpha_Body_MAT.uasset" 650
"C:/Users/Zmey/Documents/Unreal Projects/Game/Content/MyAssets/BigPlayer/ybot.uasset" 651
"C:/Users/Zmey/Documents/Unreal Projects/Game/Content/MyAssets/BigPlayer/BPL_BigPlayer.uasset" 652
"C:/Users/Zmey/Documents/Unreal Projects/Game/Content/MyAssets/BigPlayer/UMG_BigPlayer/WD_HealthBar_BigPlayer.uasset" 653
"C:/Users/Zmey/Documents/Unreal Projects/Game/Content/MyAssets/BigPlayer/UMG_BigPlayer/WD_HUD_BigPlayer.uasset" 654
"C:/Users/Zmey/Documents/Unreal Projects/Game/Content/MyAssets/BigPlayer/Kick/Struct_Kick.uasset" 655
"C:/Users/Zmey/Documents/Unreal Projects/Game/Content/MyAssets/BigPlayer/Animation/LegRightKick.uasset" 656
"C:/Users/Zmey/Documents/Unreal Projects/Game/Content/MyAssets/BigPlayer/Animation/LegRightKick_Montage.uasset" 657
"C:/Users/Zmey/Documents/Unreal Projects/Game/Content/MyAssets/BigPlayer/Animation/Jump_Attack.uasset" 658
"C:/Users/Zmey/Documents/Unreal Projects/Game/Content/MyAssets/BigPlayer/Animation/Jump_Attack_Montage.uasset" 659
"C:/Users/Zmey/Documents/Unreal Projects/Game/Content/MyAssets/BigPlayer/Animation/HandRightKick.uasset" 660
"C:/Users/Zmey/Documents/Unreal Projects/Game/Content/MyAssets/BigPlayer/Animation/HandRightKick_Montage.uasset" 661
"C:/Users/Zmey/Documents/Unreal Projects/Game/Content/MyAssets/BigPlayer/Animation/HandLeftKick.uasset" 662
"C:/Users/Zmey/Documents/Unreal Projects/Game/Content/MyAssets/BigPlayer/Animation/HandLeftKick_Montage.uasset" 663
"C:/Users/Zmey/Documents/Unreal Projects/Game/Content/MyAssets/BigPlayer/Kick/DT_Kick.uasset" 664
"C:/Users/Zmey/Documents/Unreal Projects/Game/Content/MyAssets/BigPlayer/Kick/BP_KickMaster.uasset" 665
"C:/Users/Zmey/Documents/Unreal Projects/Game/Content/MyAssets/BigPlayer/Kick/BP_KickRightLeg.uasset" 666
"C:/Users/Zmey/Documents/Unreal Projects/Game/Content/MyAssets/BigPlayer/Kick/BP_KickRightHand.uasset" 667
"C:/Users/Zmey/Documents/Unreal Projects/Game/Content/MyAssets/BigPlayer/Kick/BP_KickLeftHand.uasset" 668
"C:/Users/Zmey/Documents/Unreal Projects/Game/Content/MyAssets/BigPlayer/Kick/BP_JumpAttack.uasset" 669
"C:/Users/Zmey/Documents/Unreal Projects/Game/Content/MyAssets/BigPlayer/Enum_AnimBidPlayer.uasset" 670
"C:/Users/Zmey/Documents/Unreal Projects/Game/Content/MyAssets/BigPlayer/ThirdPersonCharacter.uasset" 671
"C:/Users/Zmey/Documents/Unreal Projects/Game/Content/MyAssets/BigPlayer/Animation/Walking.uasset" 672
"C:/Users/Zmey/Documents/Unreal Projects/Game/Content/MyAssets/BigPlayer/Animation/Mutant_Run.uasset" 673
"C:/Users/Zmey/Documents/Unreal Projects/Game/Content/MyAssets/BigPlayer/Animation/Breathing_Idle.uasset" 674
"C:/Users/Zmey/Documents/Unreal Projects/Game/Content/MyAssets/BigPlayer/Animation/Idle_run.uasset" 675
"C:/Users/Zmey/Documents/Unreal Projects/Game/Content/MyAssets/BigPlayer/Animation/Mutant_Dying.uasset" 676
"C:/Users/Zmey/Documents/Unreal Projects/Game/Content/MyAssets/BigPlayer/Animation/Mutant_Breathing_Idle.uasset" 677
"C:/Users/Zmey/Documents/Unreal Projects/Game/Content/MyAssets/BigPlayer/Animation/ABP_BigBot.uasset" 678
"C:/Users/Zmey/Documents/Unreal Projects/Game/Content/MyAssets/BigPlayer/BP_BigPlayerCharacter.uasset" 679
"C:/Users/Zmey/Documents/Unreal Projects/Game/Content/MyAssets/Zones/BP_DeadZone.uasset" 680
"C:/Users/Zmey/Documents/Unreal Projects/Game/Content/Blueprints/Player/BP_PlayerController.uasset" 681
"C:/Users/Zmey/Documents/Unreal Projects/Game/Content/MyAssets/Level_One/BPGM_LVL1.uasset" 682
"C:/Users/Zmey/Documents/Unreal Projects/Game/Content/Blueprints/Enemy/AI/BP_PatrolPoint.uasset" 683
"../../../Engine/Content/EngineSky/SM_SkySphere.uasset" 684
"../../../Engine/Content/EngineSky/C_Sky_Zenith_Color.uasset" 685
"../../../Engine/Content/EngineSky/C_Sky_Horizon_Color.uasset" 686
"../../../Engine/Content/EngineSky/C_Sky_Cloud_Color.uasset" 687
"../../../Engine/Content/EngineSky/BP_Sky_Sphere.uasset" 688
"C:/Users/Zmey/Documents/Unreal Projects/Game/Content/Maps/PatrolLevel.umap" 689
"C:/Users/Zmey/Documents/Unreal Projects/Game/Content/Assets/ThirdPerson/Meshes/RampMaterial.uasset" 690
"C:/Users/Zmey/Documents/Unreal Projects/Game/Content/Assets/ThirdPerson/Meshes/RightArm_StaticMesh.uasset" 691
"C:/Users/Zmey/Documents/Unreal Projects/Game/Content/Assets/ThirdPerson/Meshes/Ramp_StaticMesh.uasset" 692
"C:/Users/Zmey/Documents/Unreal Projects/Game/Content/Assets/ThirdPerson/Meshes/Linear_Stair_StaticMesh.uasset" 693
"C:/Users/Zmey/Documents/Unreal Projects/Game/Content/Assets/ThirdPerson/Meshes/LeftArm_StaticMesh.uasset" 694
"C:/Users/Zmey/Documents/Unreal Projects/Game/Content/Assets/ThirdPerson/Meshes/Bump_StaticMesh.uasset" 695
"C:/Users/Zmey/Documents/Unreal Projects/Game/Content/Assets/StarterContent/Textures/T_Rock_Sandstone_N.uasset" 696
"C:/Users/Zmey/Documents/Unreal Projects/Game/Content/Assets/StarterContent/Textures/T_Rock_Sandstone_D.uasset" 697
"C:/Users/Zmey/Documents/Unreal Projects/Game/Content/Assets/StarterContent/Textures/T_Rock_Basalt_N.uasset" 698
"C:/Users/Zmey/Documents/Unreal Projects/Game/Content/Assets/StarterContent/Textures/T_Rock_Basalt_D.uasset" 699
"C:/Users/Zmey/Documents/Unreal Projects/Game/Content/Assets/StarterContent/Textures/T_Ground_Moss_N.uasset" 700
"C:/Users/Zmey/Documents/Unreal Projects/Game/Content/Assets/StarterContent/Textures/T_ground_Moss_D.uasset" 701
"C:/Users/Zmey/Documents/Unreal Projects/Game/Content/Assets/StarterContent/Textures/T_Ground_Grass_N.uasset" 702
"C:/Users/Zmey/Documents/Unreal Projects/Game/Content/Assets/StarterContent/Textures/T_Ground_Grass_D.uasset" 703
"C:/Users/Zmey/Documents/Unreal Projects/Game/Content/Assets/StarterContent/Textures/T_Chair_N.uasset" 704
"C:/Users/Zmey/Documents/Unreal Projects/Game/Content/Assets/StarterContent/Textures/T_Chair_M.uasset" 705
"C:/Users/Zmey/Documents/Unreal Projects/Game/Content/Assets/StarterContent/Props/Materials/M_Chair.uasset" 706
"C:/Users/Zmey/Documents/Unreal Projects/Game/Content/Assets/StarterContent/Props/SM_Chair.uasset" 707
"C:/Users/Zmey/Documents/Unreal Projects/Game/Content/Assets/Geometry/Meshes/TemplateFloor.uasset" 708
"C:/Users/Zmey/Documents/Unreal Projects/Game/Content/Assets/Geometry/Meshes/1M_Cube_Chamfer.uasset" 709
"../../../Engine/Content/EngineMaterials/WeightMapPlaceholderTexture.uasset" 710
"../../../Engine/Content/EngineMaterials/DefaultPhysicalMaterial.uasset" 711
"C:/Users/Zmey/Documents/Unreal Projects/Game/Content/MyAssets/Material/MaterialLandscape.uasset" 712
"C:/Users/Zmey/Documents/Unreal Projects/Game/Content/Maps/ThirdPersonExampleMap_BuiltData.uasset" 713
"C:/Users/Zmey/Documents/Unreal Projects/Game/Content/MyAssets/Material/Sand1_LayerInfo.uasset" 714
"C:/Users/Zmey/Documents/Unreal Projects/Game/Content/MyAssets/Material/Rock1_LayerInfo.uasset" 715
"C:/Users/Zmey/Documents/Unreal Projects/Game/Content/MyAssets/Material/Grow_LayerInfo.uasset" 716
"C:/Users/Zmey/Documents/Unreal Projects/Game/Content/MyAssets/Material/Grass1_LayerInfo.uasset" 717
"C:/Users/Zmey/Documents/Unreal Projects/Game/Content/MyAssets/Zones/M_Zone.uasset" 718
"C:/Users/Zmey/Documents/Unreal Projects/Game/Content/MyAssets/Zones/BP_DamageZone.uasset" 719
"../../../Engine/Content/BasicShapes/BasicShapeMaterial.uasset" 720
"C:/Users/Zmey/Documents/Unreal Projects/Game/Content/MyAssets/CameraScene/BP_CameraScene.uasset" 721
"C:/Users/Zmey/Documents/Unreal Projects/Game/Content/Assets/SciFiWeapLight/FX/Materials/M_Plasma_Inst_I_Dark.uasset" 722
"C:/Users/Zmey/Documents/Unreal Projects/Game/Content/Assets/SciFiWeapLight/FX/Materials/M_Exp_C_Dark_Inst.uasset" 723
"C:/Users/Zmey/Documents/Unreal Projects/Game/Content/Assets/SciFiWeapLight/FX/Particles/P_RocketLauncher_Explosion_Dark.uasset" 724
"C:/Users/Zmey/Documents/Unreal Projects/Game/Content/MyAssets/BigPlayer/BP_BigBotSpawn.uasset" 725
"C:/Users/Zmey/Documents/Unreal Projects/Game/Content/Blueprints/Player/BP_GameMode.uasset" 726
"C:/Users/Zmey/Documents/Unreal Projects/Game/Content/Blueprints/Interact/ChestHealth/M_Health1.uasset" 727
"C:/Users/Zmey/Documents/Unreal Projects/Game/Content/Blueprints/Interact/ChestHealth/BP_Pickup_Health_Big.uasset" 728
"C:/Users/Zmey/Documents/Unreal Projects/Game/Content/Blueprints/Interact/BP_Pickup_Cube.uasset" 729
"C:/Users/Zmey/Documents/Unreal Projects/Game/Content/Blueprints/Interact/BP_Door.uasset" 730
"C:/Users/Zmey/Documents/Unreal Projects/Game/Content/Blueprints/Enemy/AI/BTT_GetRanwomPoint.uasset" 731
"C:/Users/Zmey/Documents/Unreal Projects/Game/Content/Blueprints/Enemy/AI/BT_RandomRun.uasset" 732
"C:/Users/Zmey/Documents/Unreal Projects/Game/Content/Assets/SciFiWeapLight/FX/Materials/M_Exp_D_Dark_Inst.uasset" 733
"C:/Users/Zmey/Documents/Unreal Projects/Game/Content/Assets/SciFiWeapLight/FX/Particles/P_Grenade_Explosion_Dark.uasset" 734
"C:/Users/Zmey/Documents/Unreal Projects/Game/Content/Blueprints/Enemy/BP_EnemySpawn.uasset" 735
"C:/Users/Zmey/Documents/Unreal Projects/Game/Content/Maps/ThirdPersonExampleMap.umap" 736
"C:/Users/Zmey/Documents/Unreal Projects/Game/Content/MyAssets/Level_One/Level_one_BuiltData.uasset" 737
"C:/Users/Zmey/Documents/Unreal Projects/Game/Content/MyAssets/CameraScene/BP_CameraSceneBigPlayer.uasset" 738
"C:/Users/Zmey/Documents/Unreal Projects/Game/Content/MyAssets/Level_One/Level_one.umap" 739
"C:/Users/Zmey/Documents/Unreal Projects/Game/Content/MyAssets/MainMenu/Widgets/WD_ButtonMenu.uasset" 740
"C:/Users/Zmey/Documents/Unreal Projects/Game/Content/MyAssets/MainMenu/Widgets/WD_3DMenu.uasset" 741
"C:/Users/Zmey/Documents/Unreal Projects/Game/Content/MyAssets/MainMenu/Widgets/WD_SecondMenu.uasset" 742
"C:/Users/Zmey/Documents/Unreal Projects/Game/Content/MyAssets/MainMenu/Widgets/WD_OptionsMenu.uasset" 743
"C:/Users/Zmey/Documents/Unreal Projects/Game/Content/MyAssets/MainMenu/Widgets/WD_MainMenu.uasset" 744
"C:/Users/Zmey/Documents/Unreal Projects/Game/Content/MyAssets/MainMenu/Widgets/WD_LevelSelection.uasset" 745
"C:/Users/Zmey/Documents/Unreal Projects/Game/Content/MyAssets/MainMenu/Map_MainMenu_BuiltData.uasset" 746
"C:/Users/Zmey/Documents/Unreal Projects/Game/Content/MyAssets/MainMenu/BP_MainMenu.uasset" 747
"C:/Users/Zmey/Documents/Unreal Projects/Game/Content/MyAssets/MainMenu/BP_PC_MaimMenu.uasset" 748
"C:/Users/Zmey/Documents/Unreal Projects/Game/Content/MyAssets/MainMenu/BPGM_MainMenu.uasset" 749
"C:/Users/Zmey/Documents/Unreal Projects/Game/Content/MyAssets/MainMenu/Map_MainMenu.umap" 750
"../../../Engine/Content/Maps/Entry_BuiltData.uasset" 751
"../../../Engine/Content/Maps/Entry.umap" 752
